<?xml version="1.0" encoding="UTF-8"?>
<!-- Generated by org.testng.reporters.JUnitXMLReporter -->
<testsuite ignored="1" hostname="Samyak6-MainCabin" failures="0" tests="1" name="Default test" time="0.516" errors="0" timestamp="2025-02-01T14:58:47 IST">
  <testcase classname="admin.AutoBiddingController" name="Test02PutAutoBidExcel" time="0.452"/>
  <testcase classname="admin.AutoBiddingController" name="Test01AutoBidsAuctionId" time="0.0">
    <ignored/>
  </testcase> <!-- Test01AutoBidsAuctionId -->
</testsuite> <!-- Default test -->
