<?xml version="1.0" encoding="UTF-8"?>
<testng-results ignored="86" total="220" passed="133" failed="1" skipped="0">
  <reporter-output>
  </reporter-output>
  <suite started-at="2025-01-30T10:09:50 IST" name="Suite" finished-at="2025-01-30T10:12:01 IST" duration-ms="130566">
    <groups>
    </groups>
    <test started-at="2025-01-30T10:09:50 IST" name="admin" finished-at="2025-01-30T10:12:01 IST" duration-ms="130566">
      <class name="admin.ReservationTransactionController">
        <test-method signature="test01PostCreateReservation()[pri:0, instance:admin.ReservationTransactionController@2aceadd4]" started-at="2025-01-30T10:10:34 IST" name="test01PostCreateReservation" finished-at="2025-01-30T10:10:34 IST" duration-ms="25" status="FAIL">
          <exception class="java.lang.AssertionError">
            <message>
              <![CDATA[Expected 200 OK or 201 Created, but got: 409 expected [true] but found [false]]]>
            </message>
            <full-stacktrace>
              <![CDATA[java.lang.AssertionError: Expected 200 OK or 201 Created, but got: 409 expected [true] but found [false]
at org.testng.Assert.fail(Assert.java:99)
at org.testng.Assert.failNotEquals(Assert.java:1037)
at org.testng.Assert.assertTrue(Assert.java:45)
at admin.ReservationTransactionController.test01PostCreateReservation(ReservationTransactionController.java:79)
at java.base/jdk.internal.reflect.DirectMethodHandleAccessor.invoke(DirectMethodHandleAccessor.java:103)
at java.base/java.lang.reflect.Method.invoke(Method.java:580)
at org.testng.internal.MethodInvocationHelper.invokeMethod(MethodInvocationHelper.java:133)
at org.testng.internal.TestInvoker.invokeMethod(TestInvoker.java:598)
at org.testng.internal.TestInvoker.invokeTestMethod(TestInvoker.java:173)
at org.testng.internal.MethodRunner.runInSequence(MethodRunner.java:46)
at org.testng.internal.TestInvoker$MethodInvocationAgent.invoke(TestInvoker.java:824)
at org.testng.internal.TestInvoker.invokeTestMethods(TestInvoker.java:146)
at org.testng.internal.TestMethodWorker.invokeTestMethods(TestMethodWorker.java:146)
at org.testng.internal.TestMethodWorker.run(TestMethodWorker.java:128)
at java.base/java.util.ArrayList.forEach(ArrayList.java:1597)
at org.testng.TestRunner.privateRun(TestRunner.java:794)
at org.testng.TestRunner.run(TestRunner.java:596)
at org.testng.SuiteRunner.runTest(SuiteRunner.java:377)
at org.testng.SuiteRunner.runSequentially(SuiteRunner.java:371)
at org.testng.SuiteRunner.privateRun(SuiteRunner.java:332)
at org.testng.SuiteRunner.run(SuiteRunner.java:276)
at org.testng.SuiteRunnerWorker.runSuite(SuiteRunnerWorker.java:53)
at org.testng.SuiteRunnerWorker.run(SuiteRunnerWorker.java:96)
at org.testng.TestNG.runSuitesSequentially(TestNG.java:1212)
at org.testng.TestNG.runSuitesLocally(TestNG.java:1134)
at org.testng.TestNG.runSuites(TestNG.java:1063)
at org.testng.TestNG.run(TestNG.java:1031)
at org.testng.remote.AbstractRemoteTestNG.run(AbstractRemoteTestNG.java:115)
at org.testng.remote.RemoteTestNG.initAndRun(RemoteTestNG.java:293)
at org.testng.remote.RemoteTestNG.main(RemoteTestNG.java:91)
]]>
            </full-stacktrace>
          </exception> <!-- java.lang.AssertionError -->
          <reporter-output>
          </reporter-output>
        </test-method> <!-- test01PostCreateReservation -->
        <test-method signature="test03GetReservationAuctionIdUserId()[pri:0, instance:admin.ReservationTransactionController@2aceadd4]" started-at="2025-01-30T10:10:34 IST" name="test03GetReservationAuctionIdUserId" finished-at="2025-01-30T10:10:34 IST" duration-ms="24" status="PASS">
          <reporter-output>
          </reporter-output>
        </test-method> <!-- test03GetReservationAuctionIdUserId -->
        <test-method signature="test04GetReservationAll()[pri:0, instance:admin.ReservationTransactionController@2aceadd4]" started-at="2025-01-30T10:10:34 IST" name="test04GetReservationAll" finished-at="2025-01-30T10:10:34 IST" duration-ms="23" status="PASS">
          <reporter-output>
          </reporter-output>
        </test-method> <!-- test04GetReservationAll -->
      </class> <!-- admin.ReservationTransactionController -->
      <class name="admin.BalanceSheetController">
        <test-method signature="Test01BalanceSheet()[pri:0, instance:admin.BalanceSheetController@3a52dba3]" started-at="2025-01-30T10:10:34 IST" name="Test01BalanceSheet" finished-at="2025-01-30T10:10:35 IST" duration-ms="955" status="PASS">
          <reporter-output>
          </reporter-output>
        </test-method> <!-- Test01BalanceSheet -->
      </class> <!-- admin.BalanceSheetController -->
      <class name="admin.RemarkController">
        <test-method signature="Test01RemarkCreate()[pri:0, instance:admin.RemarkController@510f3d34]" started-at="2025-01-30T10:11:57 IST" name="Test01RemarkCreate" finished-at="2025-01-30T10:11:57 IST" duration-ms="28" status="PASS">
          <reporter-output>
          </reporter-output>
        </test-method> <!-- Test01RemarkCreate -->
        <test-method signature="Test03RemarkDelete()[pri:0, instance:admin.RemarkController@510f3d34]" started-at="2025-01-30T10:11:57 IST" name="Test03RemarkDelete" finished-at="2025-01-30T10:11:57 IST" duration-ms="29" status="PASS">
          <reporter-output>
          </reporter-output>
        </test-method> <!-- Test03RemarkDelete -->
      </class> <!-- admin.RemarkController -->
      <class name="admin.ClarityController">
        <test-method signature="test01PutClarityId()[pri:0, instance:admin.ClarityController@279fedbd]" started-at="2025-01-30T10:10:35 IST" name="test01PutClarityId" finished-at="2025-01-30T10:10:36 IST" duration-ms="35" status="PASS">
          <reporter-output>
          </reporter-output>
        </test-method> <!-- test01PutClarityId -->
        <test-method signature="test02PostClarity()[pri:0, instance:admin.ClarityController@279fedbd]" started-at="2025-01-30T10:10:36 IST" name="test02PostClarity" finished-at="2025-01-30T10:10:36 IST" duration-ms="30" status="PASS">
          <reporter-output>
          </reporter-output>
        </test-method> <!-- test02PostClarity -->
        <test-method signature="test03PostClarityExcel()[pri:0, instance:admin.ClarityController@279fedbd]" started-at="2025-01-30T10:10:36 IST" name="test03PostClarityExcel" finished-at="2025-01-30T10:10:36 IST" duration-ms="61" status="PASS">
          <reporter-output>
          </reporter-output>
        </test-method> <!-- test03PostClarityExcel -->
        <test-method signature="test04GetClarities()[pri:0, instance:admin.ClarityController@279fedbd]" started-at="2025-01-30T10:10:36 IST" name="test04GetClarities" finished-at="2025-01-30T10:10:36 IST" duration-ms="172" status="PASS">
          <reporter-output>
          </reporter-output>
        </test-method> <!-- test04GetClarities -->
      </class> <!-- admin.ClarityController -->
      <class name="admin.PolishController">
        <test-method signature="test01PolishPolishId()[pri:0, instance:admin.PolishController@24269709]" started-at="2025-01-30T10:10:33 IST" name="test01PolishPolishId" finished-at="2025-01-30T10:10:33 IST" duration-ms="25" status="PASS">
          <reporter-output>
          </reporter-output>
        </test-method> <!-- test01PolishPolishId -->
        <test-method signature="test02Polish()[pri:0, instance:admin.PolishController@24269709]" started-at="2025-01-30T10:10:33 IST" name="test02Polish" finished-at="2025-01-30T10:10:33 IST" duration-ms="29" status="PASS">
          <reporter-output>
          </reporter-output>
        </test-method> <!-- test02Polish -->
        <test-method signature="test03PolishExcel()[pri:0, instance:admin.PolishController@24269709]" started-at="2025-01-30T10:10:33 IST" name="test03PolishExcel" finished-at="2025-01-30T10:10:33 IST" duration-ms="60" status="PASS">
          <reporter-output>
          </reporter-output>
        </test-method> <!-- test03PolishExcel -->
        <test-method signature="test04Polishes()[pri:0, instance:admin.PolishController@24269709]" started-at="2025-01-30T10:10:33 IST" name="test04Polishes" finished-at="2025-01-30T10:10:34 IST" duration-ms="118" status="PASS">
          <reporter-output>
          </reporter-output>
        </test-method> <!-- test04Polishes -->
      </class> <!-- admin.PolishController -->
      <class name="admin.SymmetryController">
        <test-method signature="test01SymmetryId()[pri:0, instance:admin.SymmetryController@24aed80c]" started-at="2025-01-30T10:10:34 IST" name="test01SymmetryId" finished-at="2025-01-30T10:10:34 IST" duration-ms="26" status="PASS">
          <reporter-output>
          </reporter-output>
        </test-method> <!-- test01SymmetryId -->
        <test-method signature="test02Symmetry()[pri:0, instance:admin.SymmetryController@24aed80c]" started-at="2025-01-30T10:10:34 IST" name="test02Symmetry" finished-at="2025-01-30T10:10:34 IST" duration-ms="28" status="PASS">
          <reporter-output>
          </reporter-output>
        </test-method> <!-- test02Symmetry -->
        <test-method signature="test03SymmetryExcel()[pri:0, instance:admin.SymmetryController@24aed80c]" started-at="2025-01-30T10:10:34 IST" name="test03SymmetryExcel" finished-at="2025-01-30T10:10:34 IST" duration-ms="61" status="PASS">
          <reporter-output>
          </reporter-output>
        </test-method> <!-- test03SymmetryExcel -->
        <test-method signature="test04Symmetries()[pri:0, instance:admin.SymmetryController@24aed80c]" started-at="2025-01-30T10:10:34 IST" name="test04Symmetries" finished-at="2025-01-30T10:10:34 IST" duration-ms="199" status="PASS">
          <reporter-output>
          </reporter-output>
        </test-method> <!-- test04Symmetries -->
      </class> <!-- admin.SymmetryController -->
      <class name="admin.MailInvoiceLotDiamondController">
        <test-method signature="Test01PostSendmails()[pri:0, instance:admin.MailInvoiceLotDiamondController@65e98b1c]" started-at="2025-01-30T10:10:52 IST" name="Test01PostSendmails" finished-at="2025-01-30T10:10:52 IST" duration-ms="27" status="PASS">
          <reporter-output>
          </reporter-output>
        </test-method> <!-- Test01PostSendmails -->
        <test-method signature="Test02PostSendmailEmailIdAuctionID()[pri:0, instance:admin.MailInvoiceLotDiamondController@65e98b1c]" started-at="2025-01-30T10:10:52 IST" name="Test02PostSendmailEmailIdAuctionID" finished-at="2025-01-30T10:10:52 IST" duration-ms="29" status="PASS">
          <reporter-output>
          </reporter-output>
        </test-method> <!-- Test02PostSendmailEmailIdAuctionID -->
        <test-method signature="Test03PostSendMailsAllLots()[pri:0, instance:admin.MailInvoiceLotDiamondController@65e98b1c]" started-at="2025-01-30T10:10:52 IST" name="Test03PostSendMailsAllLots" finished-at="2025-01-30T10:11:50 IST" duration-ms="58437" status="PASS">
          <reporter-output>
          </reporter-output>
        </test-method> <!-- Test03PostSendMailsAllLots -->
      </class> <!-- admin.MailInvoiceLotDiamondController -->
      <class name="admin.LotDiamondController">
        <test-method signature="Test01LotActiveAll()[pri:0, instance:admin.LotDiamondController@1ff4931d]" started-at="2025-01-30T10:10:51 IST" name="Test01LotActiveAll" finished-at="2025-01-30T10:10:51 IST" duration-ms="33" status="PASS">
          <reporter-output>
          </reporter-output>
        </test-method> <!-- Test01LotActiveAll -->
        <test-method signature="Test03LotDiamondAuctionId()[pri:0, instance:admin.LotDiamondController@1ff4931d]" started-at="2025-01-30T10:10:51 IST" name="Test03LotDiamondAuctionId" finished-at="2025-01-30T10:10:51 IST" duration-ms="23" status="PASS">
          <reporter-output>
          </reporter-output>
        </test-method> <!-- Test03LotDiamondAuctionId -->
        <test-method signature="Test05LotDiamonds()[pri:0, instance:admin.LotDiamondController@1ff4931d]" started-at="2025-01-30T10:10:51 IST" name="Test05LotDiamonds" finished-at="2025-01-30T10:10:51 IST" duration-ms="33" status="PASS">
          <reporter-output>
          </reporter-output>
        </test-method> <!-- Test05LotDiamonds -->
        <test-method signature="Test07LotDiamondsAuctionId()[pri:0, instance:admin.LotDiamondController@1ff4931d]" started-at="2025-01-30T10:10:51 IST" name="Test07LotDiamondsAuctionId" finished-at="2025-01-30T10:10:51 IST" duration-ms="35" status="PASS">
          <reporter-output>
          </reporter-output>
        </test-method> <!-- Test07LotDiamondsAuctionId -->
        <test-method signature="Test08LotDIamondssupplierLots()[pri:0, instance:admin.LotDiamondController@1ff4931d]" started-at="2025-01-30T10:10:51 IST" name="Test08LotDIamondssupplierLots" finished-at="2025-01-30T10:10:52 IST" duration-ms="126" status="PASS">
          <reporter-output>
          </reporter-output>
        </test-method> <!-- Test08LotDIamondssupplierLots -->
        <test-method signature="Test09otDiamondsPrevious()[pri:0, instance:admin.LotDiamondController@1ff4931d]" started-at="2025-01-30T10:10:52 IST" name="Test09otDiamondsPrevious" finished-at="2025-01-30T10:10:52 IST" duration-ms="34" status="PASS">
          <reporter-output>
          </reporter-output>
        </test-method> <!-- Test09otDiamondsPrevious -->
      </class> <!-- admin.LotDiamondController -->
      <class name="admin.DatabaseBackupController">
        <test-method signature="test01PostStart()[pri:0, instance:admin.DatabaseBackupController@40005471]" started-at="2025-01-30T10:10:31 IST" name="test01PostStart" finished-at="2025-01-30T10:10:31 IST" duration-ms="25" status="PASS">
          <reporter-output>
          </reporter-output>
        </test-method> <!-- test01PostStart -->
        <test-method signature="test03GetBackupurl()[pri:0, instance:admin.DatabaseBackupController@40005471]" started-at="2025-01-30T10:10:31 IST" name="test03GetBackupurl" finished-at="2025-01-30T10:10:31 IST" duration-ms="50" status="PASS">
          <reporter-output>
          </reporter-output>
        </test-method> <!-- test03GetBackupurl -->
      </class> <!-- admin.DatabaseBackupController -->
      <class name="admin.UserController">
        <test-method is-config="true" signature="beforeSuite()[pri:0, instance:admin.UserController@15de0b3c]" started-at="2025-01-30T10:09:48 IST" name="beforeSuite" finished-at="2025-01-30T10:09:50 IST" duration-ms="1852" status="PASS">
          <reporter-output>
          </reporter-output>
        </test-method> <!-- beforeSuite -->
        <test-method signature="UpdateUserUpload()[pri:0, instance:admin.UserController@15de0b3c]" started-at="2025-01-30T10:09:50 IST" name="UpdateUserUpload" finished-at="2025-01-30T10:10:25 IST" duration-ms="35389" status="PASS">
          <reporter-output>
          </reporter-output>
        </test-method> <!-- UpdateUserUpload -->
        <test-method signature="test01GetUserDetails()[pri:0, instance:admin.UserController@15de0b3c]" started-at="2025-01-30T10:10:25 IST" name="test01GetUserDetails" description="/api/v1/user/{userId}" finished-at="2025-01-30T10:10:26 IST" duration-ms="67" status="PASS">
          <reporter-output>
          </reporter-output>
        </test-method> <!-- test01GetUserDetails -->
        <test-method signature="test08GetSupplierDetailsByAuctionId()[pri:0, instance:admin.UserController@15de0b3c]" started-at="2025-01-30T10:10:26 IST" name="test08GetSupplierDetailsByAuctionId" finished-at="2025-01-30T10:10:26 IST" duration-ms="266" status="PASS">
          <reporter-output>
          </reporter-output>
        </test-method> <!-- test08GetSupplierDetailsByAuctionId -->
        <test-method signature="test09GetAppliedUsersKyc()[pri:0, instance:admin.UserController@15de0b3c]" started-at="2025-01-30T10:10:26 IST" name="test09GetAppliedUsersKyc" finished-at="2025-01-30T10:10:26 IST" duration-ms="47" status="PASS">
          <reporter-output>
          </reporter-output>
        </test-method> <!-- test09GetAppliedUsersKyc -->
        <test-method signature="test10GetInactiveUsers()[pri:0, instance:admin.UserController@15de0b3c]" started-at="2025-01-30T10:10:26 IST" name="test10GetInactiveUsers" finished-at="2025-01-30T10:10:26 IST" duration-ms="161" status="PASS">
          <reporter-output>
          </reporter-output>
        </test-method> <!-- test10GetInactiveUsers -->
        <test-method is-config="true" signature="afterSuite()[pri:0, instance:admin.UserController@15de0b3c]" started-at="2025-01-30T10:12:01 IST" name="afterSuite" finished-at="2025-01-30T10:12:01 IST" duration-ms="1" status="PASS">
          <reporter-output>
          </reporter-output>
        </test-method> <!-- afterSuite -->
      </class> <!-- admin.UserController -->
      <class name="admin.rapaportController">
        <test-method signature="Test01LotDiamondrapPrice()[pri:0, instance:admin.rapaportController@61322f9d]" started-at="2025-01-30T10:11:50 IST" name="Test01LotDiamondrapPrice" finished-at="2025-01-30T10:11:50 IST" duration-ms="26" status="PASS">
          <reporter-output>
          </reporter-output>
        </test-method> <!-- Test01LotDiamondrapPrice -->
        <test-method signature="Test02rapaports()[pri:0, instance:admin.rapaportController@61322f9d]" started-at="2025-01-30T10:11:50 IST" name="Test02rapaports" finished-at="2025-01-30T10:11:57 IST" duration-ms="6638" status="PASS">
          <reporter-output>
          </reporter-output>
        </test-method> <!-- Test02rapaports -->
      </class> <!-- admin.rapaportController -->
      <class name="admin.BidController">
        <test-method signature="Test01PutBidUpdate()[pri:0, instance:admin.BidController@2a5c8d3f]" started-at="2025-01-30T10:10:35 IST" name="Test01PutBidUpdate" finished-at="2025-01-30T10:10:35 IST" duration-ms="25" status="PASS">
          <reporter-output>
          </reporter-output>
        </test-method> <!-- Test01PutBidUpdate -->
        <test-method signature="Test02PutBidUpdateJewellery()[pri:0, instance:admin.BidController@2a5c8d3f]" started-at="2025-01-30T10:10:35 IST" name="Test02PutBidUpdateJewellery" finished-at="2025-01-30T10:10:35 IST" duration-ms="27" status="PASS">
          <reporter-output>
          </reporter-output>
        </test-method> <!-- Test02PutBidUpdateJewellery -->
        <test-method signature="Test03PostMakeWinners()[pri:0, instance:admin.BidController@2a5c8d3f]" started-at="2025-01-30T10:10:35 IST" name="Test03PostMakeWinners" finished-at="2025-01-30T10:10:35 IST" duration-ms="34" status="PASS">
          <reporter-output>
          </reporter-output>
        </test-method> <!-- Test03PostMakeWinners -->
        <test-method signature="Test04GetBiddersInfo()[pri:0, instance:admin.BidController@2a5c8d3f]" started-at="2025-01-30T10:10:35 IST" name="Test04GetBiddersInfo" finished-at="2025-01-30T10:10:35 IST" duration-ms="107" status="PASS">
          <reporter-output>
          </reporter-output>
        </test-method> <!-- Test04GetBiddersInfo -->
        <test-method signature="Test11GetAllCounts()[pri:0, instance:admin.BidController@2a5c8d3f]" started-at="2025-01-30T10:10:35 IST" name="Test11GetAllCounts" finished-at="2025-01-30T10:10:35 IST" duration-ms="30" status="PASS">
          <reporter-output>
          </reporter-output>
        </test-method> <!-- Test11GetAllCounts -->
        <test-method signature="Test12GetBidHistory()[pri:0, instance:admin.BidController@2a5c8d3f]" started-at="2025-01-30T10:10:35 IST" name="Test12GetBidHistory" finished-at="2025-01-30T10:10:35 IST" duration-ms="113" status="PASS">
          <reporter-output>
          </reporter-output>
        </test-method> <!-- Test12GetBidHistory -->
        <test-method signature="Test13GetBidDelete()[pri:0, instance:admin.BidController@2a5c8d3f]" started-at="2025-01-30T10:10:35 IST" name="Test13GetBidDelete" finished-at="2025-01-30T10:10:35 IST" duration-ms="28" status="PASS">
          <reporter-output>
          </reporter-output>
        </test-method> <!-- Test13GetBidDelete -->
      </class> <!-- admin.BidController -->
      <class name="admin.LedgerController">
        <test-method signature="test01LedgerLedgerId()[pri:0, instance:admin.LedgerController@1ce24091]" started-at="2025-01-30T10:10:33 IST" name="test01LedgerLedgerId" finished-at="2025-01-30T10:10:33 IST" duration-ms="31" status="PASS">
          <reporter-output>
          </reporter-output>
        </test-method> <!-- test01LedgerLedgerId -->
        <test-method signature="test02Ledger()[pri:0, instance:admin.LedgerController@1ce24091]" started-at="2025-01-30T10:10:33 IST" name="test02Ledger" finished-at="2025-01-30T10:10:33 IST" duration-ms="33" status="PASS">
          <reporter-output>
          </reporter-output>
        </test-method> <!-- test02Ledger -->
        <test-method signature="test03Ledgers()[pri:0, instance:admin.LedgerController@1ce24091]" started-at="2025-01-30T10:10:33 IST" name="test03Ledgers" finished-at="2025-01-30T10:10:33 IST" duration-ms="49" status="PASS">
          <reporter-output>
          </reporter-output>
        </test-method> <!-- test03Ledgers -->
      </class> <!-- admin.LedgerController -->
      <class name="admin.FilterController">
        <test-method signature="test01GetFilter()[pri:0, instance:admin.FilterController@2cd76f31]" started-at="2025-01-30T10:10:31 IST" name="test01GetFilter" finished-at="2025-01-30T10:10:32 IST" duration-ms="898" status="PASS">
          <reporter-output>
          </reporter-output>
        </test-method> <!-- test01GetFilter -->
      </class> <!-- admin.FilterController -->
      <class name="admin.InvoiceDetailsController">
        <test-method signature="test01UserIdAuctionId()[pri:0, instance:admin.InvoiceDetailsController@1c1bbc4e]" started-at="2025-01-30T10:10:32 IST" name="test01UserIdAuctionId" finished-at="2025-01-30T10:10:32 IST" duration-ms="29" status="PASS">
          <reporter-output>
          </reporter-output>
        </test-method> <!-- test01UserIdAuctionId -->
        <test-method signature="test02InvoiceDetails()[pri:0, instance:admin.InvoiceDetailsController@1c1bbc4e]" started-at="2025-01-30T10:10:32 IST" name="test02InvoiceDetails" finished-at="2025-01-30T10:10:32 IST" duration-ms="30" status="PASS">
          <reporter-output>
          </reporter-output>
        </test-method> <!-- test02InvoiceDetails -->
        <test-method signature="test03InvoiceDetailsAllAuctionId()[pri:0, instance:admin.InvoiceDetailsController@1c1bbc4e]" started-at="2025-01-30T10:10:32 IST" name="test03InvoiceDetailsAllAuctionId" finished-at="2025-01-30T10:10:32 IST" duration-ms="157" status="PASS">
          <reporter-output>
          </reporter-output>
        </test-method> <!-- test03InvoiceDetailsAllAuctionId -->
        <test-method signature="test04InvoiceDetailUserIdAuctionId()[pri:0, instance:admin.InvoiceDetailsController@1c1bbc4e]" started-at="2025-01-30T10:10:32 IST" name="test04InvoiceDetailUserIdAuctionId" finished-at="2025-01-30T10:10:32 IST" duration-ms="25" status="PASS">
          <reporter-output>
          </reporter-output>
        </test-method> <!-- test04InvoiceDetailUserIdAuctionId -->
        <test-method signature="test05invoideDetailsAll()[pri:0, instance:admin.InvoiceDetailsController@1c1bbc4e]" started-at="2025-01-30T10:10:32 IST" name="test05invoideDetailsAll" finished-at="2025-01-30T10:10:32 IST" duration-ms="26" status="PASS">
          <reporter-output>
          </reporter-output>
        </test-method> <!-- test05invoideDetailsAll -->
      </class> <!-- admin.InvoiceDetailsController -->
      <class name="admin.AuthenticationController">
        <test-method signature="test01AuthRegister()[pri:0, instance:admin.AuthenticationController@4e08711f]" started-at="2025-01-30T10:10:28 IST" name="test01AuthRegister" finished-at="2025-01-30T10:10:28 IST" duration-ms="61" status="PASS">
          <reporter-output>
          </reporter-output>
        </test-method> <!-- test01AuthRegister -->
      </class> <!-- admin.AuthenticationController -->
      <class name="admin.LabController">
        <test-method signature="Test01LabLabId()[pri:0, instance:admin.LabController@2925bf5b]" started-at="2025-01-30T10:10:39 IST" name="Test01LabLabId" finished-at="2025-01-30T10:10:39 IST" duration-ms="45" status="PASS">
          <reporter-output>
          </reporter-output>
        </test-method> <!-- Test01LabLabId -->
        <test-method signature="Test02Lab()[pri:0, instance:admin.LabController@2925bf5b]" started-at="2025-01-30T10:10:39 IST" name="Test02Lab" finished-at="2025-01-30T10:10:39 IST" duration-ms="34" status="PASS">
          <reporter-output>
          </reporter-output>
        </test-method> <!-- Test02Lab -->
        <test-method signature="Test03LabExcel()[pri:0, instance:admin.LabController@2925bf5b]" started-at="2025-01-30T10:10:39 IST" name="Test03LabExcel" finished-at="2025-01-30T10:10:40 IST" duration-ms="62" status="PASS">
          <reporter-output>
          </reporter-output>
        </test-method> <!-- Test03LabExcel -->
        <test-method signature="Test04Labs()[pri:0, instance:admin.LabController@2925bf5b]" started-at="2025-01-30T10:10:40 IST" name="Test04Labs" finished-at="2025-01-30T10:10:40 IST" duration-ms="125" status="PASS">
          <reporter-output>
          </reporter-output>
        </test-method> <!-- Test04Labs -->
      </class> <!-- admin.LabController -->
      <class name="admin.ColorController">
        <test-method signature="Test01PutColorId()[pri:0, instance:admin.ColorController@b3ca52e]" started-at="2025-01-30T10:10:36 IST" name="Test01PutColorId" finished-at="2025-01-30T10:10:36 IST" duration-ms="28" status="PASS">
          <reporter-output>
          </reporter-output>
        </test-method> <!-- Test01PutColorId -->
        <test-method signature="Test02PostColor()[pri:0, instance:admin.ColorController@b3ca52e]" started-at="2025-01-30T10:10:36 IST" name="Test02PostColor" finished-at="2025-01-30T10:10:36 IST" duration-ms="26" status="PASS">
          <reporter-output>
          </reporter-output>
        </test-method> <!-- Test02PostColor -->
        <test-method signature="Test03PostColorExcel()[pri:0, instance:admin.ColorController@b3ca52e]" started-at="2025-01-30T10:10:36 IST" name="Test03PostColorExcel" finished-at="2025-01-30T10:10:36 IST" duration-ms="61" status="PASS">
          <reporter-output>
          </reporter-output>
        </test-method> <!-- Test03PostColorExcel -->
        <test-method signature="Test04GetColors()[pri:0, instance:admin.ColorController@b3ca52e]" started-at="2025-01-30T10:10:36 IST" name="Test04GetColors" finished-at="2025-01-30T10:10:36 IST" duration-ms="136" status="PASS">
          <reporter-output>
          </reporter-output>
        </test-method> <!-- Test04GetColors -->
      </class> <!-- admin.ColorController -->
      <class name="admin.FluoresceneController">
        <test-method signature="test01PutFluoresceneID()[pri:0, instance:admin.FluoresceneController@367ffa75]" started-at="2025-01-30T10:10:32 IST" name="test01PutFluoresceneID" finished-at="2025-01-30T10:10:32 IST" duration-ms="33" status="PASS">
          <reporter-output>
          </reporter-output>
        </test-method> <!-- test01PutFluoresceneID -->
        <test-method signature="test02PostFluorescene()[pri:0, instance:admin.FluoresceneController@367ffa75]" started-at="2025-01-30T10:10:32 IST" name="test02PostFluorescene" finished-at="2025-01-30T10:10:32 IST" duration-ms="33" status="PASS">
          <reporter-output>
          </reporter-output>
        </test-method> <!-- test02PostFluorescene -->
        <test-method signature="test04GetFluorescenes()[pri:0, instance:admin.FluoresceneController@367ffa75]" started-at="2025-01-30T10:10:32 IST" name="test04GetFluorescenes" finished-at="2025-01-30T10:10:32 IST" duration-ms="132" status="PASS">
          <reporter-output>
          </reporter-output>
        </test-method> <!-- test04GetFluorescenes -->
        <test-method signature="tset03PostFluoresceneExcel()[pri:0, instance:admin.FluoresceneController@367ffa75]" started-at="2025-01-30T10:10:32 IST" name="tset03PostFluoresceneExcel" finished-at="2025-01-30T10:10:32 IST" duration-ms="66" status="PASS">
          <reporter-output>
          </reporter-output>
        </test-method> <!-- tset03PostFluoresceneExcel -->
      </class> <!-- admin.FluoresceneController -->
      <class name="admin.CountryController">
        <test-method signature="test01GetCountryId()[pri:0, instance:admin.CountryController@302552ec]" started-at="2025-01-30T10:10:30 IST" name="test01GetCountryId" finished-at="2025-01-30T10:10:30 IST" duration-ms="25" status="PASS">
          <reporter-output>
          </reporter-output>
        </test-method> <!-- test01GetCountryId -->
        <test-method signature="test02PutCountryId()[pri:0, instance:admin.CountryController@302552ec]" started-at="2025-01-30T10:10:30 IST" name="test02PutCountryId" finished-at="2025-01-30T10:10:31 IST" duration-ms="27" status="PASS">
          <reporter-output>
          </reporter-output>
        </test-method> <!-- test02PutCountryId -->
        <test-method signature="test03PostCountry()[pri:0, instance:admin.CountryController@302552ec]" started-at="2025-01-30T10:10:31 IST" name="test03PostCountry" finished-at="2025-01-30T10:10:31 IST" duration-ms="33" status="PASS">
          <reporter-output>
          </reporter-output>
        </test-method> <!-- test03PostCountry -->
        <test-method signature="test04GetCountries()[pri:0, instance:admin.CountryController@302552ec]" started-at="2025-01-30T10:10:31 IST" name="test04GetCountries" finished-at="2025-01-30T10:10:31 IST" duration-ms="29" status="PASS">
          <reporter-output>
          </reporter-output>
        </test-method> <!-- test04GetCountries -->
      </class> <!-- admin.CountryController -->
      <class name="admin.BrandController">
        <test-method signature="test01PutBrand()[pri:0, instance:admin.BrandController@752325ad]" started-at="2025-01-30T10:10:35 IST" name="test01PutBrand" finished-at="2025-01-30T10:10:35 IST" duration-ms="25" status="PASS">
          <reporter-output>
          </reporter-output>
        </test-method> <!-- test01PutBrand -->
        <test-method signature="test02GetBrand()[pri:0, instance:admin.BrandController@752325ad]" started-at="2025-01-30T10:10:35 IST" name="test02GetBrand" finished-at="2025-01-30T10:10:35 IST" duration-ms="70" status="PASS">
          <reporter-output>
          </reporter-output>
        </test-method> <!-- test02GetBrand -->
        <test-method signature="test03PostBrand()[pri:0, instance:admin.BrandController@752325ad]" started-at="2025-01-30T10:10:35 IST" name="test03PostBrand" finished-at="2025-01-30T10:10:35 IST" duration-ms="28" status="PASS">
          <reporter-output>
          </reporter-output>
        </test-method> <!-- test03PostBrand -->
        <test-method signature="test05GetBrands()[pri:0, instance:admin.BrandController@752325ad]" started-at="2025-01-30T10:10:35 IST" name="test05GetBrands" finished-at="2025-01-30T10:10:35 IST" duration-ms="29" status="PASS">
          <reporter-output>
          </reporter-output>
        </test-method> <!-- test05GetBrands -->
      </class> <!-- admin.BrandController -->
      <class name="admin.ImageController">
        <test-method signature="Test01GetTopbarLogo()[pri:0, instance:admin.ImageController@45c7e403]" started-at="2025-01-30T10:10:36 IST" name="Test01GetTopbarLogo" finished-at="2025-01-30T10:10:36 IST" duration-ms="351" status="PASS">
          <reporter-output>
          </reporter-output>
        </test-method> <!-- Test01GetTopbarLogo -->
        <test-method signature="Test02GetImages()[pri:0, instance:admin.ImageController@45c7e403]" started-at="2025-01-30T10:10:36 IST" name="Test02GetImages" finished-at="2025-01-30T10:10:38 IST" duration-ms="1171" status="PASS">
          <reporter-output>
          </reporter-output>
        </test-method> <!-- Test02GetImages -->
        <test-method signature="Test03GetFetchImages()[pri:0, instance:admin.ImageController@45c7e403]" started-at="2025-01-30T10:10:38 IST" name="Test03GetFetchImages" finished-at="2025-01-30T10:10:39 IST" duration-ms="1441" status="PASS">
          <reporter-output>
          </reporter-output>
        </test-method> <!-- Test03GetFetchImages -->
        <test-method signature="Test04GetBulkBidThumbnailLogo()[pri:0, instance:admin.ImageController@45c7e403]" started-at="2025-01-30T10:10:39 IST" name="Test04GetBulkBidThumbnailLogo" finished-at="2025-01-30T10:10:39 IST" duration-ms="364" status="PASS">
          <reporter-output>
          </reporter-output>
        </test-method> <!-- Test04GetBulkBidThumbnailLogo -->
      </class> <!-- admin.ImageController -->
      <class name="admin.UserControllerMerged">
        <test-method signature="Test01GetUserSummary()[pri:0, instance:admin.UserControllerMerged@2362f559]" started-at="2025-01-30T10:11:57 IST" name="Test01GetUserSummary" finished-at="2025-01-30T10:11:59 IST" duration-ms="1648" status="PASS">
          <reporter-output>
          </reporter-output>
        </test-method> <!-- Test01GetUserSummary -->
        <test-method signature="Test02GetUserRole()[pri:0, instance:admin.UserControllerMerged@2362f559]" started-at="2025-01-30T10:11:59 IST" name="Test02GetUserRole" finished-at="2025-01-30T10:11:59 IST" duration-ms="37" status="PASS">
          <reporter-output>
          </reporter-output>
        </test-method> <!-- Test02GetUserRole -->
        <test-method signature="Test03GetUserAccountSummary()[pri:0, instance:admin.UserControllerMerged@2362f559]" started-at="2025-01-30T10:11:59 IST" name="Test03GetUserAccountSummary" finished-at="2025-01-30T10:12:01 IST" duration-ms="1489" status="PASS">
          <reporter-output>
          </reporter-output>
        </test-method> <!-- Test03GetUserAccountSummary -->
      </class> <!-- admin.UserControllerMerged -->
      <class name="admin.ForgotPasswordController">
        <test-method signature="test01AuthResetPassword()[pri:0, instance:admin.ForgotPasswordController@49438269]" started-at="2025-01-30T10:10:32 IST" name="test01AuthResetPassword" finished-at="2025-01-30T10:10:32 IST" duration-ms="35" status="PASS">
          <reporter-output>
          </reporter-output>
        </test-method> <!-- test01AuthResetPassword -->
        <test-method signature="test02AuthForgotPassword()[pri:0, instance:admin.ForgotPasswordController@49438269]" started-at="2025-01-30T10:10:32 IST" name="test02AuthForgotPassword" finished-at="2025-01-30T10:10:32 IST" duration-ms="33" status="PASS">
          <reporter-output>
          </reporter-output>
        </test-method> <!-- test02AuthForgotPassword -->
      </class> <!-- admin.ForgotPasswordController -->
      <class name="admin.AuctionController">
        <test-method signature="test01PutAuctionId()[pri:0, instance:admin.AuctionController@4b2bac3f]" started-at="2025-01-30T10:10:26 IST" name="test01PutAuctionId" finished-at="2025-01-30T10:10:26 IST" duration-ms="35" status="PASS">
          <reporter-output>
          </reporter-output>
        </test-method> <!-- test01PutAuctionId -->
        <test-method signature="test02DeleteAuctionId()[pri:0, instance:admin.AuctionController@4b2bac3f]" started-at="2025-01-30T10:10:26 IST" name="test02DeleteAuctionId" finished-at="2025-01-30T10:10:26 IST" duration-ms="43" status="PASS">
          <reporter-output>
          </reporter-output>
        </test-method> <!-- test02DeleteAuctionId -->
        <test-method signature="test03PostAuction()[pri:0, instance:admin.AuctionController@4b2bac3f]" started-at="2025-01-30T10:10:26 IST" name="test03PostAuction" finished-at="2025-01-30T10:10:26 IST" duration-ms="44" status="PASS">
          <reporter-output>
          </reporter-output>
        </test-method> <!-- test03PostAuction -->
        <test-method signature="test04PostAuctionSupplierUpdateEmails()[pri:0, instance:admin.AuctionController@4b2bac3f]" started-at="2025-01-30T10:10:26 IST" name="test04PostAuctionSupplierUpdateEmails" finished-at="2025-01-30T10:10:26 IST" duration-ms="50" status="PASS">
          <reporter-output>
          </reporter-output>
        </test-method> <!-- test04PostAuctionSupplierUpdateEmails -->
        <test-method signature="test05PostAuctionSentEmails()[pri:0, instance:admin.AuctionController@4b2bac3f]" started-at="2025-01-30T10:10:26 IST" name="test05PostAuctionSentEmails" finished-at="2025-01-30T10:10:26 IST" duration-ms="76" status="PASS">
          <reporter-output>
          </reporter-output>
        </test-method> <!-- test05PostAuctionSentEmails -->
        <test-method signature="test06GetAuctions()[pri:0, instance:admin.AuctionController@4b2bac3f]" started-at="2025-01-30T10:10:26 IST" name="test06GetAuctions" finished-at="2025-01-30T10:10:27 IST" duration-ms="1040" status="PASS">
          <reporter-output>
          </reporter-output>
        </test-method> <!-- test06GetAuctions -->
        <test-method signature="test07GetAuctionView()[pri:0, instance:admin.AuctionController@4b2bac3f]" started-at="2025-01-30T10:10:27 IST" name="test07GetAuctionView" finished-at="2025-01-30T10:10:27 IST" duration-ms="35" status="PASS">
          <reporter-output>
          </reporter-output>
        </test-method> <!-- test07GetAuctionView -->
        <test-method signature="test08GetAuctionsUpcoming()[pri:0, instance:admin.AuctionController@4b2bac3f]" started-at="2025-01-30T10:10:27 IST" name="test08GetAuctionsUpcoming" finished-at="2025-01-30T10:10:27 IST" duration-ms="74" status="PASS">
          <reporter-output>
          </reporter-output>
        </test-method> <!-- test08GetAuctionsUpcoming -->
        <test-method signature="test09GetAuctionsUpcomingJewellery()[pri:0, instance:admin.AuctionController@4b2bac3f]" started-at="2025-01-30T10:10:27 IST" name="test09GetAuctionsUpcomingJewellery" finished-at="2025-01-30T10:10:27 IST" duration-ms="32" status="PASS">
          <reporter-output>
          </reporter-output>
        </test-method> <!-- test09GetAuctionsUpcomingJewellery -->
        <test-method signature="test10GetAuctionsUpcomingDiamond()[pri:0, instance:admin.AuctionController@4b2bac3f]" started-at="2025-01-30T10:10:27 IST" name="test10GetAuctionsUpcomingDiamond" finished-at="2025-01-30T10:10:28 IST" duration-ms="34" status="PASS">
          <reporter-output>
          </reporter-output>
        </test-method> <!-- test10GetAuctionsUpcomingDiamond -->
        <test-method signature="test11GetAuctionsJewellery()[pri:0, instance:admin.AuctionController@4b2bac3f]" started-at="2025-01-30T10:10:28 IST" name="test11GetAuctionsJewellery" finished-at="2025-01-30T10:10:28 IST" duration-ms="35" status="PASS">
          <reporter-output>
          </reporter-output>
        </test-method> <!-- test11GetAuctionsJewellery -->
        <test-method signature="test12GetAuctionsInactive()[pri:0, instance:admin.AuctionController@4b2bac3f]" started-at="2025-01-30T10:10:28 IST" name="test12GetAuctionsInactive" finished-at="2025-01-30T10:10:28 IST" duration-ms="39" status="PASS">
          <reporter-output>
          </reporter-output>
        </test-method> <!-- test12GetAuctionsInactive -->
        <test-method signature="test13GetAuctionsFinishedJewellery()[pri:0, instance:admin.AuctionController@4b2bac3f]" started-at="2025-01-30T10:10:28 IST" name="test13GetAuctionsFinishedJewellery" finished-at="2025-01-30T10:10:28 IST" duration-ms="31" status="PASS">
          <reporter-output>
          </reporter-output>
        </test-method> <!-- test13GetAuctionsFinishedJewellery -->
        <test-method signature="test14GetSAuctionFinishedDiamond()[pri:0, instance:admin.AuctionController@4b2bac3f]" started-at="2025-01-30T10:10:28 IST" name="test14GetSAuctionFinishedDiamond" finished-at="2025-01-30T10:10:28 IST" duration-ms="27" status="PASS">
          <reporter-output>
          </reporter-output>
        </test-method> <!-- test14GetSAuctionFinishedDiamond -->
        <test-method signature="test15GetAuctionsFinishedAndEndDiamond()[pri:0, instance:admin.AuctionController@4b2bac3f]" started-at="2025-01-30T10:10:28 IST" name="test15GetAuctionsFinishedAndEndDiamond" finished-at="2025-01-30T10:10:28 IST" duration-ms="27" status="PASS">
          <reporter-output>
          </reporter-output>
        </test-method> <!-- test15GetAuctionsFinishedAndEndDiamond -->
        <test-method signature="test16GetAuctionsEvents()[pri:0, instance:admin.AuctionController@4b2bac3f]" started-at="2025-01-30T10:10:28 IST" name="test16GetAuctionsEvents" finished-at="2025-01-30T10:10:28 IST" duration-ms="29" status="PASS">
          <reporter-output>
          </reporter-output>
        </test-method> <!-- test16GetAuctionsEvents -->
        <test-method signature="test17GetAuctionsDiamond()[pri:0, instance:admin.AuctionController@4b2bac3f]" started-at="2025-01-30T10:10:28 IST" name="test17GetAuctionsDiamond" finished-at="2025-01-30T10:10:28 IST" duration-ms="30" status="PASS">
          <reporter-output>
          </reporter-output>
        </test-method> <!-- test17GetAuctionsDiamond -->
        <test-method signature="test18GetAuctionByActive()[pri:0, instance:admin.AuctionController@4b2bac3f]" started-at="2025-01-30T10:10:28 IST" name="test18GetAuctionByActive" finished-at="2025-01-30T10:10:28 IST" duration-ms="29" status="PASS">
          <reporter-output>
          </reporter-output>
        </test-method> <!-- test18GetAuctionByActive -->
      </class> <!-- admin.AuctionController -->
      <class name="admin.CompanyController">
        <test-method signature="test01PutCompnayId()[pri:0, instance:admin.CompanyController@26794848]" started-at="2025-01-30T10:10:30 IST" name="test01PutCompnayId" finished-at="2025-01-30T10:10:30 IST" duration-ms="40" status="PASS">
          <reporter-output>
          </reporter-output>
        </test-method> <!-- test01PutCompnayId -->
        <test-method signature="test03PostCompany()[pri:0, instance:admin.CompanyController@26794848]" started-at="2025-01-30T10:10:30 IST" name="test03PostCompany" finished-at="2025-01-30T10:10:30 IST" duration-ms="33" status="PASS">
          <reporter-output>
          </reporter-output>
        </test-method> <!-- test03PostCompany -->
        <test-method signature="tset02GetCompnay()[pri:0, instance:admin.CompanyController@26794848]" started-at="2025-01-30T10:10:30 IST" name="tset02GetCompnay" finished-at="2025-01-30T10:10:30 IST" duration-ms="50" status="PASS">
          <reporter-output>
          </reporter-output>
        </test-method> <!-- tset02GetCompnay -->
      </class> <!-- admin.CompanyController -->
      <class name="admin.BidderSupplierSummaryController">
        <test-method signature="Test04GetBiddersSummary()[pri:0, instance:admin.BidderSupplierSummaryController@bcec361]" started-at="2025-01-30T10:10:28 IST" name="Test04GetBiddersSummary" finished-at="2025-01-30T10:10:30 IST" duration-ms="2397" status="PASS">
          <reporter-output>
          </reporter-output>
        </test-method> <!-- Test04GetBiddersSummary -->
        <test-method signature="test01GetSupplierSummary()[pri:0, instance:admin.BidderSupplierSummaryController@bcec361]" started-at="2025-01-30T10:10:30 IST" name="test01GetSupplierSummary" finished-at="2025-01-30T10:10:30 IST" duration-ms="34" status="PASS">
          <reporter-output>
          </reporter-output>
        </test-method> <!-- test01GetSupplierSummary -->
        <test-method signature="test02GetDetailedSupplierSummary()[pri:0, instance:admin.BidderSupplierSummaryController@bcec361]" started-at="2025-01-30T10:10:30 IST" name="test02GetDetailedSupplierSummary" finished-at="2025-01-30T10:10:30 IST" duration-ms="32" status="PASS">
          <reporter-output>
          </reporter-output>
        </test-method> <!-- test02GetDetailedSupplierSummary -->
        <test-method signature="test03GetDetailedBidderSummary()[pri:0, instance:admin.BidderSupplierSummaryController@bcec361]" started-at="2025-01-30T10:10:30 IST" name="test03GetDetailedBidderSummary" finished-at="2025-01-30T10:10:30 IST" duration-ms="31" status="PASS">
          <reporter-output>
          </reporter-output>
        </test-method> <!-- test03GetDetailedBidderSummary -->
      </class> <!-- admin.BidderSupplierSummaryController -->
      <class name="admin.ShapeController">
        <test-method signature="testcreateSymmetry01()[pri:0, instance:admin.ShapeController@8297b3a]" started-at="2025-01-30T10:11:57 IST" name="testcreateSymmetry01" finished-at="2025-01-30T10:11:57 IST" duration-ms="26" status="PASS">
          <reporter-output>
          </reporter-output>
        </test-method> <!-- testcreateSymmetry01 -->
        <test-method signature="testcreateSymmetry02()[pri:0, instance:admin.ShapeController@8297b3a]" started-at="2025-01-30T10:11:57 IST" name="testcreateSymmetry02" finished-at="2025-01-30T10:11:57 IST" duration-ms="32" status="PASS">
          <reporter-output>
          </reporter-output>
        </test-method> <!-- testcreateSymmetry02 -->
        <test-method signature="testcreateSymmetry03()[pri:0, instance:admin.ShapeController@8297b3a]" started-at="2025-01-30T10:11:57 IST" name="testcreateSymmetry03" finished-at="2025-01-30T10:11:57 IST" duration-ms="57" status="PASS">
          <reporter-output>
          </reporter-output>
        </test-method> <!-- testcreateSymmetry03 -->
        <test-method signature="testcreateSymmetry04()[pri:0, instance:admin.ShapeController@8297b3a]" started-at="2025-01-30T10:11:57 IST" name="testcreateSymmetry04" finished-at="2025-01-30T10:11:57 IST" duration-ms="288" status="PASS">
          <reporter-output>
          </reporter-output>
        </test-method> <!-- testcreateSymmetry04 -->
      </class> <!-- admin.ShapeController -->
      <class name="admin.LotDiamondBidController">
        <test-method signature="test01LotDiamondNegotiation()[pri:0, instance:admin.LotDiamondBidController@5dda768f]" started-at="2025-01-30T10:10:33 IST" name="test01LotDiamondNegotiation" finished-at="2025-01-30T10:10:33 IST" duration-ms="40" status="PASS">
          <reporter-output>
          </reporter-output>
        </test-method> <!-- test01LotDiamondNegotiation -->
        <test-method signature="test02LotDiamondSearch()[pri:0, instance:admin.LotDiamondBidController@5dda768f]" started-at="2025-01-30T10:10:33 IST" name="test02LotDiamondSearch" finished-at="2025-01-30T10:10:33 IST" duration-ms="56" status="PASS">
          <reporter-output>
          </reporter-output>
        </test-method> <!-- test02LotDiamondSearch -->
        <test-method signature="test03LotDiamondSearchPage()[pri:0, instance:admin.LotDiamondBidController@5dda768f]" started-at="2025-01-30T10:10:33 IST" name="test03LotDiamondSearchPage" finished-at="2025-01-30T10:10:33 IST" duration-ms="47" status="PASS">
          <reporter-output>
          </reporter-output>
        </test-method> <!-- test03LotDiamondSearchPage -->
        <test-method signature="test04LotDiamondRemark()[pri:0, instance:admin.LotDiamondBidController@5dda768f]" started-at="2025-01-30T10:10:33 IST" name="test04LotDiamondRemark" finished-at="2025-01-30T10:10:33 IST" duration-ms="77" status="PASS">
          <reporter-output>
          </reporter-output>
        </test-method> <!-- test04LotDiamondRemark -->
        <test-method signature="test05LotDiamondLotId()[pri:0, instance:admin.LotDiamondBidController@5dda768f]" started-at="2025-01-30T10:10:33 IST" name="test05LotDiamondLotId" finished-at="2025-01-30T10:10:33 IST" duration-ms="51" status="PASS">
          <reporter-output>
          </reporter-output>
        </test-method> <!-- test05LotDiamondLotId -->
        <test-method signature="test06LotDiamondLiveBids()[pri:0, instance:admin.LotDiamondBidController@5dda768f]" started-at="2025-01-30T10:10:33 IST" name="test06LotDiamondLiveBids" finished-at="2025-01-30T10:10:33 IST" duration-ms="24" status="PASS">
          <reporter-output>
          </reporter-output>
        </test-method> <!-- test06LotDiamondLiveBids -->
        <test-method signature="test07LotDiamondFavourites()[pri:0, instance:admin.LotDiamondBidController@5dda768f]" started-at="2025-01-30T10:10:33 IST" name="test07LotDiamondFavourites" finished-at="2025-01-30T10:10:33 IST" duration-ms="53" status="PASS">
          <reporter-output>
          </reporter-output>
        </test-method> <!-- test07LotDiamondFavourites -->
        <test-method signature="test08LotDiamondGetWinBids()[pri:0, instance:admin.LotDiamondBidController@5dda768f]" started-at="2025-01-30T10:10:33 IST" name="test08LotDiamondGetWinBids" finished-at="2025-01-30T10:10:33 IST" duration-ms="49" status="PASS">
          <reporter-output>
          </reporter-output>
        </test-method> <!-- test08LotDiamondGetWinBids -->
        <test-method signature="test09LotDiamondGetMyStockData()[pri:0, instance:admin.LotDiamondBidController@5dda768f]" started-at="2025-01-30T10:10:33 IST" name="test09LotDiamondGetMyStockData" finished-at="2025-01-30T10:10:33 IST" duration-ms="89" status="PASS">
          <reporter-output>
          </reporter-output>
        </test-method> <!-- test09LotDiamondGetMyStockData -->
        <test-method signature="test10GetMyBidStatusData()[pri:0, instance:admin.LotDiamondBidController@5dda768f]" started-at="2025-01-30T10:10:33 IST" name="test10GetMyBidStatusData" finished-at="2025-01-30T10:10:33 IST" duration-ms="48" status="PASS">
          <reporter-output>
          </reporter-output>
        </test-method> <!-- test10GetMyBidStatusData -->
        <test-method signature="test11GetMyBids()[pri:0, instance:admin.LotDiamondBidController@5dda768f]" started-at="2025-01-30T10:10:33 IST" name="test11GetMyBids" finished-at="2025-01-30T10:10:33 IST" duration-ms="58" status="PASS">
          <reporter-output>
          </reporter-output>
        </test-method> <!-- test11GetMyBids -->
        <test-method signature="test12GetLoseBids()[pri:0, instance:admin.LotDiamondBidController@5dda768f]" started-at="2025-01-30T10:10:33 IST" name="test12GetLoseBids" finished-at="2025-01-30T10:10:33 IST" duration-ms="57" status="PASS">
          <reporter-output>
          </reporter-output>
        </test-method> <!-- test12GetLoseBids -->
      </class> <!-- admin.LotDiamondBidController -->
      <class name="admin.InvoiceListController">
        <test-method signature="test01GetPastInvoiceList()[pri:0, instance:admin.InvoiceListController@55fe41ea]" started-at="2025-01-30T10:10:32 IST" name="test01GetPastInvoiceList" finished-at="2025-01-30T10:10:33 IST" duration-ms="54" status="PASS">
          <reporter-output>
          </reporter-output>
        </test-method> <!-- test01GetPastInvoiceList -->
        <test-method signature="test02GetInvoiceList()[pri:0, instance:admin.InvoiceListController@55fe41ea]" started-at="2025-01-30T10:10:33 IST" name="test02GetInvoiceList" finished-at="2025-01-30T10:10:33 IST" duration-ms="27" status="PASS">
          <reporter-output>
          </reporter-output>
        </test-method> <!-- test02GetInvoiceList -->
        <test-method signature="test03GetHoldInvoiceList()[pri:0, instance:admin.InvoiceListController@55fe41ea]" started-at="2025-01-30T10:10:33 IST" name="test03GetHoldInvoiceList" finished-at="2025-01-30T10:10:33 IST" duration-ms="27" status="PASS">
          <reporter-output>
          </reporter-output>
        </test-method> <!-- test03GetHoldInvoiceList -->
      </class> <!-- admin.InvoiceListController -->
      <class name="admin.LotController">
        <test-method signature="test01LotidAmount()[pri:0, instance:admin.LotController@710f4dc7]" started-at="2025-01-30T10:10:40 IST" name="test01LotidAmount" finished-at="2025-01-30T10:10:40 IST" duration-ms="32" status="PASS">
          <reporter-output>
          </reporter-output>
        </test-method> <!-- test01LotidAmount -->
        <test-method signature="test07BiddersPdf()[pri:0, instance:admin.LotController@710f4dc7]" started-at="2025-01-30T10:10:40 IST" name="test07BiddersPdf" finished-at="2025-01-30T10:10:51 IST" duration-ms="11588" status="PASS">
          <reporter-output>
          </reporter-output>
        </test-method> <!-- test07BiddersPdf -->
      </class> <!-- admin.LotController -->
      <class name="admin.ReservationController">
        <test-method signature="Test01PostSlotTransaction()[pri:0, instance:admin.ReservationController@7817fd62]" started-at="2025-01-30T10:11:57 IST" name="Test01PostSlotTransaction" finished-at="2025-01-30T10:11:57 IST" duration-ms="26" status="PASS">
          <reporter-output>
          </reporter-output>
        </test-method> <!-- Test01PostSlotTransaction -->
        <test-method signature="Test02GetSlots()[pri:0, instance:admin.ReservationController@7817fd62]" started-at="2025-01-30T10:11:57 IST" name="Test02GetSlots" finished-at="2025-01-30T10:11:57 IST" duration-ms="94" status="PASS">
          <reporter-output>
          </reporter-output>
        </test-method> <!-- Test02GetSlots -->
      </class> <!-- admin.ReservationController -->
      <class name="admin.CutController">
        <test-method signature="test01PutCutId()[pri:0, instance:admin.CutController@3d285d7e]" started-at="2025-01-30T10:10:31 IST" name="test01PutCutId" finished-at="2025-01-30T10:10:31 IST" duration-ms="29" status="PASS">
          <reporter-output>
          </reporter-output>
        </test-method> <!-- test01PutCutId -->
        <test-method signature="test02PostCut()[pri:0, instance:admin.CutController@3d285d7e]" started-at="2025-01-30T10:10:31 IST" name="test02PostCut" finished-at="2025-01-30T10:10:31 IST" duration-ms="32" status="PASS">
          <reporter-output>
          </reporter-output>
        </test-method> <!-- test02PostCut -->
        <test-method signature="test03PostCutExcel()[pri:0, instance:admin.CutController@3d285d7e]" started-at="2025-01-30T10:10:31 IST" name="test03PostCutExcel" finished-at="2025-01-30T10:10:31 IST" duration-ms="68" status="PASS">
          <reporter-output>
          </reporter-output>
        </test-method> <!-- test03PostCutExcel -->
        <test-method signature="test04GetCuts()[pri:0, instance:admin.CutController@3d285d7e]" started-at="2025-01-30T10:10:31 IST" name="test04GetCuts" finished-at="2025-01-30T10:10:31 IST" duration-ms="176" status="PASS">
          <reporter-output>
          </reporter-output>
        </test-method> <!-- test04GetCuts -->
      </class> <!-- admin.CutController -->
    </test> <!-- admin -->
  </suite> <!-- Suite -->
</testng-results>
