<?xml version="1.0" encoding="UTF-8"?>
<testng-results ignored="1" total="2" passed="1" failed="0" skipped="0">
  <reporter-output>
  </reporter-output>
  <suite started-at="2025-02-01T14:58:47 IST" name="Default suite" finished-at="2025-02-01T14:58:47 IST" duration-ms="516">
    <groups>
    </groups>
    <test started-at="2025-02-01T14:58:47 IST" name="Default test" finished-at="2025-02-01T14:58:47 IST" duration-ms="516">
      <class name="admin.AutoBiddingController">
        <test-method is-config="true" signature="beforeSuite()[pri:0, instance:admin.AutoBiddingController@72967906]" started-at="2025-02-01T14:58:44 IST" name="beforeSuite" finished-at="2025-02-01T14:58:47 IST" duration-ms="2207" status="PASS">
          <reporter-output>
          </reporter-output>
        </test-method> <!-- beforeSuite -->
        <test-method signature="Test02PutAutoBidExcel()[pri:0, instance:admin.AutoBiddingController@72967906]" started-at="2025-02-01T14:58:47 IST" name="Test02PutAutoBidExcel" finished-at="2025-02-01T14:58:47 IST" duration-ms="452" status="PASS">
          <reporter-output>
          </reporter-output>
        </test-method> <!-- Test02PutAutoBidExcel -->
        <test-method is-config="true" signature="afterSuite()[pri:0, instance:admin.AutoBiddingController@72967906]" started-at="2025-02-01T14:58:47 IST" name="afterSuite" finished-at="2025-02-01T14:58:47 IST" duration-ms="1" status="PASS">
          <reporter-output>
          </reporter-output>
        </test-method> <!-- afterSuite -->
      </class> <!-- admin.AutoBiddingController -->
    </test> <!-- Default test -->
  </suite> <!-- Default suite -->
</testng-results>
