<?xml version="1.0" encoding="UTF-8"?>
<!-- Generated by org.testng.reporters.JUnitXMLReporter -->
<testsuite ignored="80" hostname="Samyak6-MainCabin" failures="0" tests="138" name="admin" time="0.829" errors="0" timestamp="2025-01-25T15:12:00 IST">
  <testcase classname="utils.BaseTest" name="@BeforeSuite beforeSuite" time="2.108">
    <failure type="org.json.JSONException" message="A JSONObject text must begin with &amp;apos;{&amp;apos; at 1 [character 2 line 1]">
      <![CDATA[org.json.JSONException: A JSONObject text must begin with '{' at 1 [character 2 line 1]
at org.json.JSONTokener.syntaxError(JSONTokener.java:503)
at org.json.JSONObject.<init>(JSONObject.java:213)
at org.json.JSONObject.<init>(JSONObject.java:430)
at utils.BaseTest.beforeSuite(BaseTest.java:38)
... Removed 17 stack frames]]>
    </failure>
  </testcase> <!-- @BeforeSuite beforeSuite -->
  <testcase classname="admin.UserController" name="test01GetUserDetails" time="0.0">
    <skipped/>
  </testcase> <!-- test01GetUserDetails -->
  <testcase classname="admin.UserController" name="test08GetSupplierDetailsByAuctionId" time="0.0">
    <skipped/>
  </testcase> <!-- test08GetSupplierDetailsByAuctionId -->
  <testcase classname="admin.UserController" name="test09GetAppliedUsersKyc" time="0.0">
    <skipped/>
  </testcase> <!-- test09GetAppliedUsersKyc -->
  <testcase classname="admin.UserController" name="test10GetInactiveUsers" time="0.0">
    <skipped/>
  </testcase> <!-- test10GetInactiveUsers -->
  <testcase classname="admin.AuctionController" name="test01PutAuctionId" time="0.0">
    <skipped/>
  </testcase> <!-- test01PutAuctionId -->
  <testcase classname="admin.AuctionController" name="test02DeleteAuctionId" time="0.0">
    <skipped/>
  </testcase> <!-- test02DeleteAuctionId -->
  <testcase classname="admin.AuctionController" name="test03PostAuction" time="0.0">
    <skipped/>
  </testcase> <!-- test03PostAuction -->
  <testcase classname="admin.AuctionController" name="test04PostAuctionSupplierUpdateEmails" time="0.0">
    <skipped/>
  </testcase> <!-- test04PostAuctionSupplierUpdateEmails -->
  <testcase classname="admin.AuctionController" name="test05PostAuctionSentEmails" time="0.0">
    <skipped/>
  </testcase> <!-- test05PostAuctionSentEmails -->
  <testcase classname="admin.AuctionController" name="test06GetAuctions" time="0.0">
    <skipped/>
  </testcase> <!-- test06GetAuctions -->
  <testcase classname="admin.AuctionController" name="test07GetAuctionView" time="0.0">
    <skipped/>
  </testcase> <!-- test07GetAuctionView -->
  <testcase classname="admin.AuctionController" name="test08GetAuctionsUpcoming" time="0.0">
    <skipped/>
  </testcase> <!-- test08GetAuctionsUpcoming -->
  <testcase classname="admin.AuctionController" name="test09GetAuctionsUpcomingJewellery" time="0.0">
    <skipped/>
  </testcase> <!-- test09GetAuctionsUpcomingJewellery -->
  <testcase classname="admin.AuctionController" name="test10GetAuctionsUpcomingDiamond" time="0.0">
    <skipped/>
  </testcase> <!-- test10GetAuctionsUpcomingDiamond -->
  <testcase classname="admin.AuctionController" name="test11GetAuctionsJewellery" time="0.0">
    <skipped/>
  </testcase> <!-- test11GetAuctionsJewellery -->
  <testcase classname="admin.AuctionController" name="test12GetAuctionsInactive" time="0.0">
    <skipped/>
  </testcase> <!-- test12GetAuctionsInactive -->
  <testcase classname="admin.AuctionController" name="test13GetAuctionsFinishedJewellery" time="0.0">
    <skipped/>
  </testcase> <!-- test13GetAuctionsFinishedJewellery -->
  <testcase classname="admin.AuctionController" name="test14GetSAuctionFinishedDiamond" time="0.0">
    <skipped/>
  </testcase> <!-- test14GetSAuctionFinishedDiamond -->
  <testcase classname="admin.AuctionController" name="test15GetAuctionsFinishedAndEndDiamond" time="0.0">
    <skipped/>
  </testcase> <!-- test15GetAuctionsFinishedAndEndDiamond -->
  <testcase classname="admin.AuctionController" name="test16GetAuctionsEvents" time="0.0">
    <skipped/>
  </testcase> <!-- test16GetAuctionsEvents -->
  <testcase classname="admin.AuctionController" name="test17GetAuctionsDiamond" time="0.0">
    <skipped/>
  </testcase> <!-- test17GetAuctionsDiamond -->
  <testcase classname="admin.AuctionController" name="test18GetAuctionByActive" time="0.0">
    <skipped/>
  </testcase> <!-- test18GetAuctionByActive -->
  <testcase classname="admin.AuthenticationController" name="test01AuthRegister" time="0.0">
    <skipped/>
  </testcase> <!-- test01AuthRegister -->
  <testcase classname="admin.AuthenticationController" name="test02AuthRegisterAll" time="0.0">
    <skipped/>
  </testcase> <!-- test02AuthRegisterAll -->
  <testcase classname="admin.BidderSupplierSummaryController" name="test01GetSupplierSummary" time="0.0">
    <skipped/>
  </testcase> <!-- test01GetSupplierSummary -->
  <testcase classname="admin.BidderSupplierSummaryController" name="test02GetDetailedSupplierSummary" time="0.0">
    <skipped/>
  </testcase> <!-- test02GetDetailedSupplierSummary -->
  <testcase classname="admin.BidderSupplierSummaryController" name="test03GetDetailedBidderSummary" time="0.0">
    <skipped/>
  </testcase> <!-- test03GetDetailedBidderSummary -->
  <testcase classname="admin.BidderSupplierSummaryController" name="test04GetBiddersSummary" time="0.0">
    <skipped/>
  </testcase> <!-- test04GetBiddersSummary -->
  <testcase classname="admin.CompanyController" name="test01PutCompnayId" time="0.0">
    <skipped/>
  </testcase> <!-- test01PutCompnayId -->
  <testcase classname="admin.CompanyController" name="test03PostCompany" time="0.0">
    <skipped/>
  </testcase> <!-- test03PostCompany -->
  <testcase classname="admin.CompanyController" name="tset02GetCompnay" time="0.0">
    <skipped/>
  </testcase> <!-- tset02GetCompnay -->
  <testcase classname="admin.CountryController" name="test01GetCountryId" time="0.0">
    <skipped/>
  </testcase> <!-- test01GetCountryId -->
  <testcase classname="admin.CountryController" name="test02PutCountryId" time="0.0">
    <skipped/>
  </testcase> <!-- test02PutCountryId -->
  <testcase classname="admin.CountryController" name="test03PostCountry" time="0.0">
    <skipped/>
  </testcase> <!-- test03PostCountry -->
  <testcase classname="admin.CountryController" name="test04GetCountries" time="0.0">
    <skipped/>
  </testcase> <!-- test04GetCountries -->
  <testcase classname="admin.CutController" name="test01PutCutId" time="0.0">
    <skipped/>
  </testcase> <!-- test01PutCutId -->
  <testcase classname="admin.CutController" name="test02PostCut" time="0.0">
    <skipped/>
  </testcase> <!-- test02PostCut -->
  <testcase classname="admin.CutController" name="test03PostCutExcel" time="0.0">
    <skipped/>
  </testcase> <!-- test03PostCutExcel -->
  <testcase classname="admin.CutController" name="test04GetCuts" time="0.0">
    <skipped/>
  </testcase> <!-- test04GetCuts -->
  <testcase classname="admin.DatabaseBackupController" name="test01PostStart" time="0.0">
    <skipped/>
  </testcase> <!-- test01PostStart -->
  <testcase classname="admin.DatabaseBackupController" name="test03GetBackupurl" time="0.0">
    <skipped/>
  </testcase> <!-- test03GetBackupurl -->
  <testcase classname="admin.FilterController" name="test01GetFilter" time="0.0">
    <skipped/>
  </testcase> <!-- test01GetFilter -->
  <testcase classname="admin.FluoresceneController" name="test01PutFluoresceneID" time="0.0">
    <skipped/>
  </testcase> <!-- test01PutFluoresceneID -->
  <testcase classname="admin.FluoresceneController" name="test02PostFluorescene" time="0.0">
    <skipped/>
  </testcase> <!-- test02PostFluorescene -->
  <testcase classname="admin.FluoresceneController" name="test04GetFluorescenes" time="0.0">
    <skipped/>
  </testcase> <!-- test04GetFluorescenes -->
  <testcase classname="admin.FluoresceneController" name="tset03PostFluoresceneExcel" time="0.0">
    <skipped/>
  </testcase> <!-- tset03PostFluoresceneExcel -->
  <testcase classname="admin.ForgotPasswordController" name="test01AuthResetPassword" time="0.0">
    <skipped/>
  </testcase> <!-- test01AuthResetPassword -->
  <testcase classname="admin.ForgotPasswordController" name="test02AuthForgotPassword" time="0.0">
    <skipped/>
  </testcase> <!-- test02AuthForgotPassword -->
  <testcase classname="admin.InvoiceDetailsController" name="test01UserIdAuctionId" time="0.0">
    <skipped/>
  </testcase> <!-- test01UserIdAuctionId -->
  <testcase classname="admin.InvoiceDetailsController" name="test02InvoiceDetails" time="0.0">
    <skipped/>
  </testcase> <!-- test02InvoiceDetails -->
  <testcase classname="admin.InvoiceDetailsController" name="test03InvoiceDetailsAllAuctionId" time="0.0">
    <skipped/>
  </testcase> <!-- test03InvoiceDetailsAllAuctionId -->
  <testcase classname="admin.InvoiceDetailsController" name="test04InvoiceDetailUserIdAuctionId" time="0.0">
    <skipped/>
  </testcase> <!-- test04InvoiceDetailUserIdAuctionId -->
  <testcase classname="admin.InvoiceDetailsController" name="test05invoideDetailsAll" time="0.0">
    <skipped/>
  </testcase> <!-- test05invoideDetailsAll -->
  <testcase classname="admin.InvoiceListController" name="test01GetPastInvoiceList" time="0.0">
    <skipped/>
  </testcase> <!-- test01GetPastInvoiceList -->
  <testcase classname="admin.InvoiceListController" name="test02GetInvoiceList" time="0.0">
    <skipped/>
  </testcase> <!-- test02GetInvoiceList -->
  <testcase classname="admin.InvoiceListController" name="test03GetHoldInvoiceList" time="0.0">
    <skipped/>
  </testcase> <!-- test03GetHoldInvoiceList -->
  <testcase classname="admin.LedgerController" name="test01LedgerLedgerId" time="0.0">
    <skipped/>
  </testcase> <!-- test01LedgerLedgerId -->
  <testcase classname="admin.LedgerController" name="test02Ledger" time="0.0">
    <skipped/>
  </testcase> <!-- test02Ledger -->
  <testcase classname="admin.LedgerController" name="test03Ledgers" time="0.0">
    <skipped/>
  </testcase> <!-- test03Ledgers -->
  <testcase classname="admin.LotDiamondBidController" name="test01LotDiamondNegotiation" time="0.0">
    <skipped/>
  </testcase> <!-- test01LotDiamondNegotiation -->
  <testcase classname="admin.LotDiamondBidController" name="test02LotDiamondSearch" time="0.0">
    <skipped/>
  </testcase> <!-- test02LotDiamondSearch -->
  <testcase classname="admin.LotDiamondBidController" name="test03LotDiamondSearchPage" time="0.0">
    <skipped/>
  </testcase> <!-- test03LotDiamondSearchPage -->
  <testcase classname="admin.LotDiamondBidController" name="test04LotDiamondRemark" time="0.0">
    <skipped/>
  </testcase> <!-- test04LotDiamondRemark -->
  <testcase classname="admin.LotDiamondBidController" name="test05LotDiamondLotId" time="0.0">
    <skipped/>
  </testcase> <!-- test05LotDiamondLotId -->
  <testcase classname="admin.LotDiamondBidController" name="test06LotDiamondLiveBids" time="0.0">
    <skipped/>
  </testcase> <!-- test06LotDiamondLiveBids -->
  <testcase classname="admin.LotDiamondBidController" name="test07LotDiamondFavourites" time="0.0">
    <skipped/>
  </testcase> <!-- test07LotDiamondFavourites -->
  <testcase classname="admin.LotDiamondBidController" name="test08LotDiamondGetWinBids" time="0.0">
    <skipped/>
  </testcase> <!-- test08LotDiamondGetWinBids -->
  <testcase classname="admin.LotDiamondBidController" name="test09LotDiamondGetMyStockData" time="0.0">
    <skipped/>
  </testcase> <!-- test09LotDiamondGetMyStockData -->
  <testcase classname="admin.LotDiamondBidController" name="test10GetMyBidStatusData" time="0.0">
    <skipped/>
  </testcase> <!-- test10GetMyBidStatusData -->
  <testcase classname="admin.LotDiamondBidController" name="test11GetMyBids" time="0.0">
    <skipped/>
  </testcase> <!-- test11GetMyBids -->
  <testcase classname="admin.LotDiamondBidController" name="test12GetLoseBids" time="0.0">
    <skipped/>
  </testcase> <!-- test12GetLoseBids -->
  <testcase classname="admin.PolishController" name="test01PolishPolishId" time="0.0">
    <skipped/>
  </testcase> <!-- test01PolishPolishId -->
  <testcase classname="admin.PolishController" name="test02Polish" time="0.0">
    <skipped/>
  </testcase> <!-- test02Polish -->
  <testcase classname="admin.PolishController" name="test03PolishExcel" time="0.0">
    <skipped/>
  </testcase> <!-- test03PolishExcel -->
  <testcase classname="admin.PolishController" name="test04Polishes" time="0.0">
    <skipped/>
  </testcase> <!-- test04Polishes -->
  <testcase classname="admin.ReservationTransactionController" name="test01PostCreateReservation" time="0.0">
    <skipped/>
  </testcase> <!-- test01PostCreateReservation -->
  <testcase classname="admin.ReservationTransactionController" name="test03GetReservationAuctionIdUserId" time="0.0">
    <skipped/>
  </testcase> <!-- test03GetReservationAuctionIdUserId -->
  <testcase classname="admin.ReservationTransactionController" name="test04GetReservationAll" time="0.0">
    <skipped/>
  </testcase> <!-- test04GetReservationAll -->
  <testcase classname="admin.SymmetryController" name="test01SymmetryId" time="0.0">
    <skipped/>
  </testcase> <!-- test01SymmetryId -->
  <testcase classname="admin.SymmetryController" name="test02Symmetry" time="0.0">
    <skipped/>
  </testcase> <!-- test02Symmetry -->
  <testcase classname="admin.SymmetryController" name="test03SymmetryExcel" time="0.0">
    <skipped/>
  </testcase> <!-- test03SymmetryExcel -->
  <testcase classname="admin.SymmetryController" name="test04Symmetries" time="0.0">
    <skipped/>
  </testcase> <!-- test04Symmetries -->
  <testcase classname="admin.BalanceSheetController" name="Test01BalanceSheet" time="0.0">
    <skipped/>
  </testcase> <!-- Test01BalanceSheet -->
  <testcase classname="admin.BidController" name="Test01PutBidUpdate" time="0.0">
    <skipped/>
  </testcase> <!-- Test01PutBidUpdate -->
  <testcase classname="admin.BidController" name="Test02PutBidUpdateJewellery" time="0.0">
    <skipped/>
  </testcase> <!-- Test02PutBidUpdateJewellery -->
  <testcase classname="admin.BidController" name="Test03PostMakeWinners" time="0.0">
    <skipped/>
  </testcase> <!-- Test03PostMakeWinners -->
  <testcase classname="admin.BidController" name="Test04GetBiddersInfo" time="0.0">
    <skipped/>
  </testcase> <!-- Test04GetBiddersInfo -->
  <testcase classname="admin.BidController" name="Test06GetBidCount" time="0.0">
    <skipped/>
  </testcase> <!-- Test06GetBidCount -->
  <testcase classname="admin.BidController" name="Test08GetMyBid" time="0.0">
    <skipped/>
  </testcase> <!-- Test08GetMyBid -->
  <testcase classname="admin.BidController" name="Test09GetLoseCount" time="0.0">
    <skipped/>
  </testcase> <!-- Test09GetLoseCount -->
  <testcase classname="admin.BidController" name="Test11GetAllCounts" time="0.0">
    <skipped/>
  </testcase> <!-- Test11GetAllCounts -->
  <testcase classname="admin.BidController" name="Test12GetBidHistory" time="0.0">
    <skipped/>
  </testcase> <!-- Test12GetBidHistory -->
  <testcase classname="admin.BidController" name="Test13GetBidDelete" time="0.0">
    <skipped/>
  </testcase> <!-- Test13GetBidDelete -->
  <testcase classname="admin.BrandController" name="test01PutBrand" time="0.0">
    <skipped/>
  </testcase> <!-- test01PutBrand -->
  <testcase classname="admin.BrandController" name="test02GetBrand" time="0.0">
    <skipped/>
  </testcase> <!-- test02GetBrand -->
  <testcase classname="admin.BrandController" name="test03PostBrand" time="0.0">
    <skipped/>
  </testcase> <!-- test03PostBrand -->
  <testcase classname="admin.BrandController" name="test05GetBrands" time="0.0">
    <skipped/>
  </testcase> <!-- test05GetBrands -->
  <testcase classname="admin.ClarityController" name="test01PutClarityId" time="0.0">
    <skipped/>
  </testcase> <!-- test01PutClarityId -->
  <testcase classname="admin.ClarityController" name="test02PostClarity" time="0.0">
    <skipped/>
  </testcase> <!-- test02PostClarity -->
  <testcase classname="admin.ClarityController" name="test03PostClarityExcel" time="0.0">
    <skipped/>
  </testcase> <!-- test03PostClarityExcel -->
  <testcase classname="admin.ClarityController" name="test04GetClarities" time="0.0">
    <skipped/>
  </testcase> <!-- test04GetClarities -->
  <testcase classname="admin.ColorController" name="Test01PutColorId" time="0.0">
    <skipped/>
  </testcase> <!-- Test01PutColorId -->
  <testcase classname="admin.ColorController" name="Test02PostColor" time="0.0">
    <skipped/>
  </testcase> <!-- Test02PostColor -->
  <testcase classname="admin.ColorController" name="Test03PostColorExcel" time="0.0">
    <skipped/>
  </testcase> <!-- Test03PostColorExcel -->
  <testcase classname="admin.ColorController" name="Test04GetColors" time="0.0">
    <skipped/>
  </testcase> <!-- Test04GetColors -->
  <testcase classname="admin.ImageController" name="Test01GetTopbarLogo" time="0.0">
    <skipped/>
  </testcase> <!-- Test01GetTopbarLogo -->
  <testcase classname="admin.ImageController" name="Test02GetImages" time="0.0">
    <skipped/>
  </testcase> <!-- Test02GetImages -->
  <testcase classname="admin.ImageController" name="Test03GetFetchImages" time="0.0">
    <skipped/>
  </testcase> <!-- Test03GetFetchImages -->
  <testcase classname="admin.ImageController" name="Test04GetBulkBidThumbnailLogo" time="0.0">
    <skipped/>
  </testcase> <!-- Test04GetBulkBidThumbnailLogo -->
  <testcase classname="admin.LabController" name="Test01LabLabId" time="0.0">
    <skipped/>
  </testcase> <!-- Test01LabLabId -->
  <testcase classname="admin.LabController" name="Test02Lab" time="0.0">
    <skipped/>
  </testcase> <!-- Test02Lab -->
  <testcase classname="admin.LabController" name="Test03LabExcel" time="0.0">
    <skipped/>
  </testcase> <!-- Test03LabExcel -->
  <testcase classname="admin.LabController" name="Test04Labs" time="0.0">
    <skipped/>
  </testcase> <!-- Test04Labs -->
  <testcase classname="admin.LotController" name="test01LotidAmount" time="0.0">
    <skipped/>
  </testcase> <!-- test01LotidAmount -->
  <testcase classname="admin.LotController" name="test06DownloadLotExcel" time="0.0">
    <skipped/>
  </testcase> <!-- test06DownloadLotExcel -->
  <testcase classname="admin.LotController" name="test07BiddersPdf" time="0.0">
    <skipped/>
  </testcase> <!-- test07BiddersPdf -->
  <testcase classname="admin.LotDiamondController" name="Test01LotActiveAll" time="0.0">
    <skipped/>
  </testcase> <!-- Test01LotActiveAll -->
  <testcase classname="admin.LotDiamondController" name="Test03LotDiamondAuctionId" time="0.0">
    <skipped/>
  </testcase> <!-- Test03LotDiamondAuctionId -->
  <testcase classname="admin.LotDiamondController" name="Test05LotDiamonds" time="0.0">
    <skipped/>
  </testcase> <!-- Test05LotDiamonds -->
  <testcase classname="admin.LotDiamondController" name="Test07LotDiamondsAuctionId" time="0.0">
    <skipped/>
  </testcase> <!-- Test07LotDiamondsAuctionId -->
  <testcase classname="admin.LotDiamondController" name="Test08LotDIamondssupplierLots" time="0.0">
    <skipped/>
  </testcase> <!-- Test08LotDIamondssupplierLots -->
  <testcase classname="admin.LotDiamondController" name="Test09otDiamondsPrevious" time="0.0">
    <skipped/>
  </testcase> <!-- Test09otDiamondsPrevious -->
  <testcase classname="admin.MailInvoiceLotDiamondController" name="Test01PostSendmails" time="0.0">
    <skipped/>
  </testcase> <!-- Test01PostSendmails -->
  <testcase classname="admin.MailInvoiceLotDiamondController" name="Test02PostSendmailEmailIdAuctionID" time="0.0">
    <skipped/>
  </testcase> <!-- Test02PostSendmailEmailIdAuctionID -->
  <testcase classname="admin.MailInvoiceLotDiamondController" name="Test03PostSendMailsAllLots" time="0.0">
    <skipped/>
  </testcase> <!-- Test03PostSendMailsAllLots -->
  <testcase classname="admin.rapaportController" name="Test01LotDiamondrapPrice" time="0.0">
    <skipped/>
  </testcase> <!-- Test01LotDiamondrapPrice -->
  <testcase classname="admin.rapaportController" name="Test02rapaports" time="0.0">
    <skipped/>
  </testcase> <!-- Test02rapaports -->
  <testcase classname="admin.RemarkController" name="Test01Postremark" time="0.0">
    <skipped/>
  </testcase> <!-- Test01Postremark -->
  <testcase classname="admin.RemarkController" name="Test03RemarkCount" time="0.0">
    <skipped/>
  </testcase> <!-- Test03RemarkCount -->
  <testcase classname="admin.ReservationController" name="Test01PostSlotTransaction" time="0.0">
    <skipped/>
  </testcase> <!-- Test01PostSlotTransaction -->
  <testcase classname="admin.ReservationController" name="Test02GetSlots" time="0.0">
    <skipped/>
  </testcase> <!-- Test02GetSlots -->
  <testcase classname="admin.ShapeController" name="testcreateSymmetry01" time="0.0">
    <skipped/>
  </testcase> <!-- testcreateSymmetry01 -->
  <testcase classname="admin.ShapeController" name="testcreateSymmetry02" time="0.0">
    <skipped/>
  </testcase> <!-- testcreateSymmetry02 -->
  <testcase classname="admin.ShapeController" name="testcreateSymmetry03" time="0.0">
    <skipped/>
  </testcase> <!-- testcreateSymmetry03 -->
  <testcase classname="admin.ShapeController" name="testcreateSymmetry04" time="0.0">
    <skipped/>
  </testcase> <!-- testcreateSymmetry04 -->
  <testcase classname="admin.UserControllerMerged" name="Test01GetUserSummary" time="0.0">
    <skipped/>
  </testcase> <!-- Test01GetUserSummary -->
  <testcase classname="admin.UserControllerMerged" name="Test02GetUserRole" time="0.0">
    <skipped/>
  </testcase> <!-- Test02GetUserRole -->
  <testcase classname="admin.UserControllerMerged" name="Test03GetUserAccountSummary" time="0.0">
    <skipped/>
  </testcase> <!-- Test03GetUserAccountSummary -->
  <testcase classname="utils.BaseTest" name="@AfterSuite afterSuite" time="0.0">
    <ignored/>
  </testcase> <!-- @AfterSuite afterSuite -->
  <testcase classname="utils.BaseTest" name="@AfterSuite afterSuite" time="0.0">
    <ignored/>
  </testcase> <!-- @AfterSuite afterSuite -->
  <testcase classname="utils.BaseTest" name="@AfterSuite afterSuite" time="0.0">
    <ignored/>
  </testcase> <!-- @AfterSuite afterSuite -->
  <testcase classname="utils.BaseTest" name="@AfterSuite afterSuite" time="0.0">
    <ignored/>
  </testcase> <!-- @AfterSuite afterSuite -->
  <testcase classname="utils.BaseTest" name="@AfterSuite afterSuite" time="0.0">
    <ignored/>
  </testcase> <!-- @AfterSuite afterSuite -->
  <testcase classname="utils.BaseTest" name="@AfterSuite afterSuite" time="0.0">
    <ignored/>
  </testcase> <!-- @AfterSuite afterSuite -->
  <testcase classname="utils.BaseTest" name="@AfterSuite afterSuite" time="0.0">
    <ignored/>
  </testcase> <!-- @AfterSuite afterSuite -->
  <testcase classname="utils.BaseTest" name="@AfterSuite afterSuite" time="0.0">
    <ignored/>
  </testcase> <!-- @AfterSuite afterSuite -->
  <testcase classname="utils.BaseTest" name="@AfterSuite afterSuite" time="0.0">
    <ignored/>
  </testcase> <!-- @AfterSuite afterSuite -->
  <testcase classname="utils.BaseTest" name="@AfterSuite afterSuite" time="0.0">
    <ignored/>
  </testcase> <!-- @AfterSuite afterSuite -->
  <testcase classname="utils.BaseTest" name="@AfterSuite afterSuite" time="0.0">
    <ignored/>
  </testcase> <!-- @AfterSuite afterSuite -->
  <testcase classname="utils.BaseTest" name="@AfterSuite afterSuite" time="0.0">
    <ignored/>
  </testcase> <!-- @AfterSuite afterSuite -->
  <testcase classname="utils.BaseTest" name="@AfterSuite afterSuite" time="0.0">
    <ignored/>
  </testcase> <!-- @AfterSuite afterSuite -->
  <testcase classname="utils.BaseTest" name="@AfterSuite afterSuite" time="0.0">
    <ignored/>
  </testcase> <!-- @AfterSuite afterSuite -->
  <testcase classname="utils.BaseTest" name="@AfterSuite afterSuite" time="0.0">
    <ignored/>
  </testcase> <!-- @AfterSuite afterSuite -->
  <testcase classname="utils.BaseTest" name="@AfterSuite afterSuite" time="0.0">
    <ignored/>
  </testcase> <!-- @AfterSuite afterSuite -->
  <testcase classname="utils.BaseTest" name="@AfterSuite afterSuite" time="0.0">
    <ignored/>
  </testcase> <!-- @AfterSuite afterSuite -->
  <testcase classname="utils.BaseTest" name="@AfterSuite afterSuite" time="0.0">
    <ignored/>
  </testcase> <!-- @AfterSuite afterSuite -->
  <testcase classname="utils.BaseTest" name="@AfterSuite afterSuite" time="0.0">
    <ignored/>
  </testcase> <!-- @AfterSuite afterSuite -->
  <testcase classname="utils.BaseTest" name="@AfterSuite afterSuite" time="0.0">
    <ignored/>
  </testcase> <!-- @AfterSuite afterSuite -->
  <testcase classname="utils.BaseTest" name="@AfterSuite afterSuite" time="0.0">
    <ignored/>
  </testcase> <!-- @AfterSuite afterSuite -->
  <testcase classname="utils.BaseTest" name="@AfterSuite afterSuite" time="0.0">
    <ignored/>
  </testcase> <!-- @AfterSuite afterSuite -->
  <testcase classname="utils.BaseTest" name="@AfterSuite afterSuite" time="0.0">
    <ignored/>
  </testcase> <!-- @AfterSuite afterSuite -->
  <testcase classname="utils.BaseTest" name="@AfterSuite afterSuite" time="0.0">
    <ignored/>
  </testcase> <!-- @AfterSuite afterSuite -->
  <testcase classname="utils.BaseTest" name="@AfterSuite afterSuite" time="0.0">
    <ignored/>
  </testcase> <!-- @AfterSuite afterSuite -->
  <testcase classname="utils.BaseTest" name="@AfterSuite afterSuite" time="0.0">
    <ignored/>
  </testcase> <!-- @AfterSuite afterSuite -->
  <testcase classname="utils.BaseTest" name="@AfterSuite afterSuite" time="0.0">
    <ignored/>
  </testcase> <!-- @AfterSuite afterSuite -->
  <testcase classname="utils.BaseTest" name="@AfterSuite afterSuite" time="0.0">
    <ignored/>
  </testcase> <!-- @AfterSuite afterSuite -->
  <testcase classname="utils.BaseTest" name="@AfterSuite afterSuite" time="0.0">
    <ignored/>
  </testcase> <!-- @AfterSuite afterSuite -->
  <testcase classname="utils.BaseTest" name="@AfterSuite afterSuite" time="0.0">
    <ignored/>
  </testcase> <!-- @AfterSuite afterSuite -->
  <testcase classname="utils.BaseTest" name="@AfterSuite afterSuite" time="0.0">
    <ignored/>
  </testcase> <!-- @AfterSuite afterSuite -->
  <testcase classname="utils.BaseTest" name="@AfterSuite afterSuite" time="0.0">
    <ignored/>
  </testcase> <!-- @AfterSuite afterSuite -->
  <testcase classname="utils.BaseTest" name="@AfterSuite afterSuite" time="0.0">
    <ignored/>
  </testcase> <!-- @AfterSuite afterSuite -->
  <testcase classname="utils.BaseTest" name="@AfterSuite afterSuite" time="0.0">
    <ignored/>
  </testcase> <!-- @AfterSuite afterSuite -->
  <testcase classname="utils.BaseTest" name="@AfterSuite afterSuite" time="0.0">
    <ignored/>
  </testcase> <!-- @AfterSuite afterSuite -->
  <testcase classname="admin.RefreshTokencontroller" name="Test01GetAuthRefreshToken" time="0.0">
    <ignored/>
  </testcase> <!-- Test01GetAuthRefreshToken -->
  <testcase classname="utils.BaseTest" name="@BeforeSuite beforeSuite" time="0.0">
    <ignored/>
  </testcase> <!-- @BeforeSuite beforeSuite -->
  <testcase classname="utils.BaseTest" name="@BeforeSuite beforeSuite" time="0.0">
    <ignored/>
  </testcase> <!-- @BeforeSuite beforeSuite -->
  <testcase classname="utils.BaseTest" name="@BeforeSuite beforeSuite" time="0.0">
    <ignored/>
  </testcase> <!-- @BeforeSuite beforeSuite -->
  <testcase classname="utils.BaseTest" name="@BeforeSuite beforeSuite" time="0.0">
    <ignored/>
  </testcase> <!-- @BeforeSuite beforeSuite -->
  <testcase classname="utils.BaseTest" name="@BeforeSuite beforeSuite" time="0.0">
    <ignored/>
  </testcase> <!-- @BeforeSuite beforeSuite -->
  <testcase classname="utils.BaseTest" name="@BeforeSuite beforeSuite" time="0.0">
    <ignored/>
  </testcase> <!-- @BeforeSuite beforeSuite -->
  <testcase classname="utils.BaseTest" name="@BeforeSuite beforeSuite" time="0.0">
    <ignored/>
  </testcase> <!-- @BeforeSuite beforeSuite -->
  <testcase classname="utils.BaseTest" name="@BeforeSuite beforeSuite" time="0.0">
    <ignored/>
  </testcase> <!-- @BeforeSuite beforeSuite -->
  <testcase classname="utils.BaseTest" name="@BeforeSuite beforeSuite" time="0.0">
    <ignored/>
  </testcase> <!-- @BeforeSuite beforeSuite -->
  <testcase classname="utils.BaseTest" name="@BeforeSuite beforeSuite" time="0.0">
    <ignored/>
  </testcase> <!-- @BeforeSuite beforeSuite -->
  <testcase classname="utils.BaseTest" name="@BeforeSuite beforeSuite" time="0.0">
    <ignored/>
  </testcase> <!-- @BeforeSuite beforeSuite -->
  <testcase classname="utils.BaseTest" name="@BeforeSuite beforeSuite" time="0.0">
    <ignored/>
  </testcase> <!-- @BeforeSuite beforeSuite -->
  <testcase classname="utils.BaseTest" name="@BeforeSuite beforeSuite" time="0.0">
    <ignored/>
  </testcase> <!-- @BeforeSuite beforeSuite -->
  <testcase classname="utils.BaseTest" name="@BeforeSuite beforeSuite" time="0.0">
    <ignored/>
  </testcase> <!-- @BeforeSuite beforeSuite -->
  <testcase classname="utils.BaseTest" name="@BeforeSuite beforeSuite" time="0.0">
    <ignored/>
  </testcase> <!-- @BeforeSuite beforeSuite -->
  <testcase classname="utils.BaseTest" name="@BeforeSuite beforeSuite" time="0.0">
    <ignored/>
  </testcase> <!-- @BeforeSuite beforeSuite -->
  <testcase classname="utils.BaseTest" name="@BeforeSuite beforeSuite" time="0.0">
    <ignored/>
  </testcase> <!-- @BeforeSuite beforeSuite -->
  <testcase classname="utils.BaseTest" name="@BeforeSuite beforeSuite" time="0.0">
    <ignored/>
  </testcase> <!-- @BeforeSuite beforeSuite -->
  <testcase classname="utils.BaseTest" name="@BeforeSuite beforeSuite" time="0.0">
    <ignored/>
  </testcase> <!-- @BeforeSuite beforeSuite -->
  <testcase classname="utils.BaseTest" name="@BeforeSuite beforeSuite" time="0.0">
    <ignored/>
  </testcase> <!-- @BeforeSuite beforeSuite -->
  <testcase classname="utils.BaseTest" name="@BeforeSuite beforeSuite" time="0.0">
    <ignored/>
  </testcase> <!-- @BeforeSuite beforeSuite -->
  <testcase classname="utils.BaseTest" name="@BeforeSuite beforeSuite" time="0.0">
    <ignored/>
  </testcase> <!-- @BeforeSuite beforeSuite -->
  <testcase classname="utils.BaseTest" name="@BeforeSuite beforeSuite" time="0.0">
    <ignored/>
  </testcase> <!-- @BeforeSuite beforeSuite -->
  <testcase classname="utils.BaseTest" name="@BeforeSuite beforeSuite" time="0.0">
    <ignored/>
  </testcase> <!-- @BeforeSuite beforeSuite -->
  <testcase classname="utils.BaseTest" name="@BeforeSuite beforeSuite" time="0.0">
    <ignored/>
  </testcase> <!-- @BeforeSuite beforeSuite -->
  <testcase classname="utils.BaseTest" name="@BeforeSuite beforeSuite" time="0.0">
    <ignored/>
  </testcase> <!-- @BeforeSuite beforeSuite -->
  <testcase classname="utils.BaseTest" name="@BeforeSuite beforeSuite" time="0.0">
    <ignored/>
  </testcase> <!-- @BeforeSuite beforeSuite -->
  <testcase classname="utils.BaseTest" name="@BeforeSuite beforeSuite" time="0.0">
    <ignored/>
  </testcase> <!-- @BeforeSuite beforeSuite -->
  <testcase classname="utils.BaseTest" name="@BeforeSuite beforeSuite" time="0.0">
    <ignored/>
  </testcase> <!-- @BeforeSuite beforeSuite -->
  <testcase classname="utils.BaseTest" name="@BeforeSuite beforeSuite" time="0.0">
    <ignored/>
  </testcase> <!-- @BeforeSuite beforeSuite -->
  <testcase classname="utils.BaseTest" name="@BeforeSuite beforeSuite" time="0.0">
    <ignored/>
  </testcase> <!-- @BeforeSuite beforeSuite -->
  <testcase classname="utils.BaseTest" name="@BeforeSuite beforeSuite" time="0.0">
    <ignored/>
  </testcase> <!-- @BeforeSuite beforeSuite -->
  <testcase classname="utils.BaseTest" name="@BeforeSuite beforeSuite" time="0.0">
    <ignored/>
  </testcase> <!-- @BeforeSuite beforeSuite -->
  <testcase classname="utils.BaseTest" name="@BeforeSuite beforeSuite" time="0.0">
    <ignored/>
  </testcase> <!-- @BeforeSuite beforeSuite -->
  <testcase classname="utils.BaseTest" name="@BeforeSuite beforeSuite" time="0.0">
    <ignored/>
  </testcase> <!-- @BeforeSuite beforeSuite -->
  <testcase classname="admin.GSBController" name="loginToSystem" time="0.0">
    <ignored/>
  </testcase> <!-- loginToSystem -->
  <testcase classname="admin.DatabaseBackupController" name="test02GetStatus" time="0.0">
    <ignored/>
  </testcase> <!-- test02GetStatus -->
  <testcase classname="admin.BrandController" name="test04PostBrandExcel" time="0.0">
    <ignored/>
  </testcase> <!-- test04PostBrandExcel -->
  <testcase classname="admin.UserController" name="test11GetAllSuppliers" time="0.0">
    <ignored/>
  </testcase> <!-- test11GetAllSuppliers -->
  <testcase classname="admin.UserController" name="test05UpdateUploadedUsers" time="0.0">
    <ignored/>
  </testcase> <!-- test05UpdateUploadedUsers -->
  <testcase classname="admin.UserController" name="test06GetUserSupplierDetails" time="0.0">
    <ignored/>
  </testcase> <!-- test06GetUserSupplierDetails -->
  <testcase classname="admin.UserController" name="test07GetKycByUserId" time="0.0">
    <ignored/>
  </testcase> <!-- test07GetKycByUserId -->
  <testcase classname="admin.LotDiamondExcelController" name="loginToSystem" time="0.0">
    <ignored/>
  </testcase> <!-- loginToSystem -->
  <testcase classname="admin.LotDiamondBidController" name="test13GetAllWonBids" time="0.0">
    <ignored/>
  </testcase> <!-- test13GetAllWonBids -->
</testsuite> <!-- admin -->
