<?xml version="1.0" encoding="UTF-8"?>
<!-- Generated by org.testng.reporters.JUnitXMLReporter -->
<testsuite ignored="90" hostname="Samyak6-MainCabin" failures="11" tests="137" name="admin" time="138.084" errors="0" timestamp="2025-02-01T14:37:43 IST">
  <testcase classname="admin.AutoBiddingController" name="Test01AutoBidsAuctionId" time="0.174"/>
  <testcase classname="admin.AutoBiddingController" name="Test02PutAutoBidExcel" time="1.526">
    <failure type="java.lang.AssertionError" message="Expected 200 OK, but got: 500 expected [200] but found [500]">
      <![CDATA[java.lang.AssertionError: Expected 200 OK, but got: 500 expected [200] but found [500]
at admin.AutoBiddingController.Test02PutAutoBidExcel(AutoBiddingController.java:126)
at java.base/java.util.ArrayList.forEach(ArrayList.java:1597)
... Removed 30 stack frames]]>
    </failure>
  </testcase> <!-- Test02PutAutoBidExcel -->
  <testcase classname="admin.UserController" name="UpdateUserUpload" time="37.252"/>
  <testcase classname="admin.UserController" name="test01GetUserDetails" time="0.048"/>
  <testcase classname="admin.UserController" name="test08GetSupplierDetailsByAuctionId" time="1.173"/>
  <testcase classname="admin.UserController" name="test09GetAppliedUsersKyc" time="0.045"/>
  <testcase classname="admin.UserController" name="test10GetInactiveUsers" time="0.184"/>
  <testcase classname="admin.AuctionController" name="test01PutAuctionId" time="0.061"/>
  <testcase classname="admin.AuctionController" name="test02DeleteAuctionId" time="0.045"/>
  <testcase classname="admin.AuctionController" name="test03PostAuction" time="0.059"/>
  <testcase classname="admin.AuctionController" name="test04PostAuctionSupplierUpdateEmails" time="0.052"/>
  <testcase classname="admin.AuctionController" name="test05PostAuctionSentEmails" time="0.042"/>
  <testcase classname="admin.AuctionController" name="test06GetAuctions" time="1.21"/>
  <testcase classname="admin.AuctionController" name="test07GetAuctionView" time="0.097"/>
  <testcase classname="admin.AuctionController" name="test08GetAuctionsUpcoming" time="0.135"/>
  <testcase classname="admin.AuctionController" name="test09GetAuctionsUpcomingJewellery" time="0.046"/>
  <testcase classname="admin.AuctionController" name="test10GetAuctionsUpcomingDiamond" time="0.036"/>
  <testcase classname="admin.AuctionController" name="test11GetAuctionsJewellery" time="0.035"/>
  <testcase classname="admin.AuctionController" name="test12GetAuctionsInactive" time="0.04"/>
  <testcase classname="admin.AuctionController" name="test13GetAuctionsFinishedJewellery" time="0.034"/>
  <testcase classname="admin.AuctionController" name="test14GetSAuctionFinishedDiamond" time="0.041"/>
  <testcase classname="admin.AuctionController" name="test15GetAuctionsFinishedAndEndDiamond" time="0.05"/>
  <testcase classname="admin.AuctionController" name="test16GetAuctionsEvents" time="0.062"/>
  <testcase classname="admin.AuctionController" name="test17GetAuctionsDiamond" time="0.06"/>
  <testcase classname="admin.AuctionController" name="test18GetAuctionByActive" time="0.048"/>
  <testcase classname="admin.AuthenticationController" name="test01AuthRegister" time="0.158"/>
  <testcase classname="admin.BidderSupplierSummaryController" name="test02GetDetailedSupplierSummary" time="0.041"/>
  <testcase classname="admin.BidderSupplierSummaryController" name="test03GetDetailedBidderSummary" time="0.037"/>
  <testcase classname="admin.CompanyController" name="test01PutCompnayId" time="0.05"/>
  <testcase classname="admin.CompanyController" name="test03PostCompany" time="0.055"/>
  <testcase classname="admin.CompanyController" name="tset02GetCompnay" time="0.104"/>
  <testcase classname="admin.CountryController" name="test01GetCountryId" time="0.031"/>
  <testcase classname="admin.CountryController" name="test02PutCountryId" time="0.035"/>
  <testcase classname="admin.CountryController" name="test03PostCountry" time="0.048"/>
  <testcase classname="admin.CountryController" name="test04GetCountries" time="0.038"/>
  <testcase classname="admin.CutController" name="test01PutCutId" time="0.047"/>
  <testcase classname="admin.CutController" name="test02PostCut" time="0.048"/>
  <testcase classname="admin.CutController" name="test03PostCutExcel" time="0.057">
    <failure type="java.lang.AssertionError" message="Expected 200 OK or 201 Created, but got: 417 expected [true] but found [false]">
      <![CDATA[java.lang.AssertionError: Expected 200 OK or 201 Created, but got: 417 expected [true] but found [false]
at admin.CutController.test03PostCutExcel(CutController.java:176)
at java.base/java.util.ArrayList.forEach(ArrayList.java:1597)
... Removed 28 stack frames]]>
    </failure>
  </testcase> <!-- test03PostCutExcel -->
  <testcase classname="admin.CutController" name="test04GetCuts" time="0.253"/>
  <testcase classname="admin.DatabaseBackupController" name="test01PostStart" time="0.037"/>
  <testcase classname="admin.DatabaseBackupController" name="test03GetBackupurl" time="0.728"/>
  <testcase classname="admin.FilterController" name="test01GetFilter" time="1.458"/>
  <testcase classname="admin.FluoresceneController" name="test01PutFluoresceneID" time="0.039"/>
  <testcase classname="admin.FluoresceneController" name="test02PostFluorescene" time="0.037"/>
  <testcase classname="admin.FluoresceneController" name="test04GetFluorescenes" time="0.187"/>
  <testcase classname="admin.FluoresceneController" name="tset03PostFluoresceneExcel" time="0.077">
    <failure type="java.lang.AssertionError" message="Expected 200 OK or 201 Created, but got: 417 expected [true] but found [false]">
      <![CDATA[java.lang.AssertionError: Expected 200 OK or 201 Created, but got: 417 expected [true] but found [false]
at admin.FluoresceneController.tset03PostFluoresceneExcel(FluoresceneController.java:178)
at java.base/java.util.ArrayList.forEach(ArrayList.java:1597)
... Removed 28 stack frames]]>
    </failure>
  </testcase> <!-- tset03PostFluoresceneExcel -->
  <testcase classname="admin.ForgotPasswordController" name="test01AuthResetPassword" time="0.071"/>
  <testcase classname="admin.ForgotPasswordController" name="test02AuthForgotPassword" time="0.051"/>
  <testcase classname="admin.InvoiceDetailsController" name="test01UserIdAuctionId" time="0.043"/>
  <testcase classname="admin.InvoiceDetailsController" name="test02InvoiceDetails" time="0.043"/>
  <testcase classname="admin.InvoiceDetailsController" name="test03InvoiceDetailsAllAuctionId" time="0.182"/>
  <testcase classname="admin.InvoiceDetailsController" name="test04InvoiceDetailUserIdAuctionId" time="0.032"/>
  <testcase classname="admin.InvoiceDetailsController" name="test05invoideDetailsAll" time="0.033"/>
  <testcase classname="admin.InvoiceListController" name="test01GetPastInvoiceList" time="0.035"/>
  <testcase classname="admin.InvoiceListController" name="test02GetInvoiceList" time="0.029"/>
  <testcase classname="admin.InvoiceListController" name="test03GetHoldInvoiceList" time="0.032"/>
  <testcase classname="admin.LedgerController" name="test01LedgerLedgerId" time="0.032"/>
  <testcase classname="admin.LedgerController" name="test02Ledger" time="0.04"/>
  <testcase classname="admin.LedgerController" name="test03Ledgers" time="0.042"/>
  <testcase classname="admin.LotDiamondBidController" name="test01LotDiamondNegotiation" time="0.03"/>
  <testcase classname="admin.LotDiamondBidController" name="test02LotDiamondSearch" time="0.101"/>
  <testcase classname="admin.LotDiamondBidController" name="test03LotDiamondSearchPage" time="0.08"/>
  <testcase classname="admin.LotDiamondBidController" name="test04LotDiamondRemark" time="0.087"/>
  <testcase classname="admin.LotDiamondBidController" name="test05LotDiamondLotId" time="0.09"/>
  <testcase classname="admin.LotDiamondBidController" name="test06LotDiamondLiveBids" time="0.036"/>
  <testcase classname="admin.LotDiamondBidController" name="test07LotDiamondFavourites" time="0.067"/>
  <testcase classname="admin.LotDiamondBidController" name="test08LotDiamondGetWinBids" time="0.064"/>
  <testcase classname="admin.LotDiamondBidController" name="test09LotDiamondGetMyStockData" time="0.104"/>
  <testcase classname="admin.LotDiamondBidController" name="test10GetMyBidStatusData" time="0.074"/>
  <testcase classname="admin.LotDiamondBidController" name="test11GetMyBids" time="0.077"/>
  <testcase classname="admin.LotDiamondBidController" name="test12GetLoseBids" time="0.074"/>
  <testcase classname="admin.PolishController" name="test01PolishPolishId" time="0.031"/>
  <testcase classname="admin.PolishController" name="test02Polish" time="0.044"/>
  <testcase classname="admin.PolishController" name="test03PolishExcel" time="0.066">
    <failure type="java.lang.AssertionError" message="Expected 200 OK or 201 Created, but got: 417 expected [true] but found [false]">
      <![CDATA[java.lang.AssertionError: Expected 200 OK or 201 Created, but got: 417 expected [true] but found [false]
at admin.PolishController.test03PolishExcel(PolishController.java:181)
at java.base/java.util.ArrayList.forEach(ArrayList.java:1597)
... Removed 28 stack frames]]>
    </failure>
  </testcase> <!-- test03PolishExcel -->
  <testcase classname="admin.PolishController" name="test04Polishes" time="0.185"/>
  <testcase classname="admin.ReservationTransactionController" name="test01PostCreateReservation" time="0.04">
    <failure type="java.lang.AssertionError" message="Expected 200 OK or 201 Created, but got: 409 expected [true] but found [false]">
      <![CDATA[java.lang.AssertionError: Expected 200 OK or 201 Created, but got: 409 expected [true] but found [false]
at admin.ReservationTransactionController.test01PostCreateReservation(ReservationTransactionController.java:79)
at java.base/java.util.ArrayList.forEach(ArrayList.java:1597)
... Removed 28 stack frames]]>
    </failure>
  </testcase> <!-- test01PostCreateReservation -->
  <testcase classname="admin.ReservationTransactionController" name="test03GetReservationAuctionIdUserId" time="0.058"/>
  <testcase classname="admin.ReservationTransactionController" name="test04GetReservationAll" time="0.032"/>
  <testcase classname="admin.SymmetryController" name="test01SymmetryId" time="0.031"/>
  <testcase classname="admin.SymmetryController" name="test02Symmetry" time="0.036"/>
  <testcase classname="admin.SymmetryController" name="test03SymmetryExcel" time="0.049">
    <failure type="java.lang.AssertionError" message="Expected 200 OK or 201 Created, but got: 417 expected [true] but found [false]">
      <![CDATA[java.lang.AssertionError: Expected 200 OK or 201 Created, but got: 417 expected [true] but found [false]
at admin.SymmetryController.test03SymmetryExcel(SymmetryController.java:172)
at java.base/java.util.ArrayList.forEach(ArrayList.java:1597)
... Removed 28 stack frames]]>
    </failure>
  </testcase> <!-- test03SymmetryExcel -->
  <testcase classname="admin.SymmetryController" name="test04Symmetries" time="0.288"/>
  <testcase classname="admin.BalanceSheetController" name="Test01BalanceSheet" time="1.673"/>
  <testcase classname="admin.BidController" name="Test01PutBidUpdate" time="0.032"/>
  <testcase classname="admin.BidController" name="Test02PutBidUpdateJewellery" time="0.039"/>
  <testcase classname="admin.BidController" name="Test03PostMakeWinners" time="0.039"/>
  <testcase classname="admin.BidController" name="Test04GetBiddersInfo" time="0.119"/>
  <testcase classname="admin.BidController" name="Test11GetAllCounts" time="0.037"/>
  <testcase classname="admin.BidController" name="Test12GetBidHistory" time="0.113"/>
  <testcase classname="admin.BidController" name="Test13GetBidDelete" time="0.033"/>
  <testcase classname="admin.BrandController" name="test01PutBrand" time="0.036"/>
  <testcase classname="admin.BrandController" name="test02GetBrand" time="0.082"/>
  <testcase classname="admin.BrandController" name="test03PostBrand" time="0.03"/>
  <testcase classname="admin.BrandController" name="test05GetBrands" time="0.034"/>
  <testcase classname="admin.ClarityController" name="test01PutClarityId" time="0.033"/>
  <testcase classname="admin.ClarityController" name="test02PostClarity" time="0.035"/>
  <testcase classname="admin.ClarityController" name="test03PostClarityExcel" time="0.049">
    <failure type="java.lang.AssertionError" message="Expected 200 OK or 201 Created, but got: 417 expected [true] but found [false]">
      <![CDATA[java.lang.AssertionError: Expected 200 OK or 201 Created, but got: 417 expected [true] but found [false]
at admin.ClarityController.test03PostClarityExcel(ClarityController.java:171)
at java.base/java.util.ArrayList.forEach(ArrayList.java:1597)
... Removed 28 stack frames]]>
    </failure>
  </testcase> <!-- test03PostClarityExcel -->
  <testcase classname="admin.ClarityController" name="test04GetClarities" time="0.201"/>
  <testcase classname="admin.ColorController" name="Test01PutColorId" time="0.032"/>
  <testcase classname="admin.ColorController" name="Test02PostColor" time="0.031"/>
  <testcase classname="admin.ColorController" name="Test03PostColorExcel" time="0.05">
    <failure type="java.lang.AssertionError" message="Expected 200 OK or 201 Created, but got: 417 expected [true] but found [false]">
      <![CDATA[java.lang.AssertionError: Expected 200 OK or 201 Created, but got: 417 expected [true] but found [false]
at admin.ColorController.Test03PostColorExcel(ColorController.java:164)
at java.base/java.util.ArrayList.forEach(ArrayList.java:1597)
... Removed 28 stack frames]]>
    </failure>
  </testcase> <!-- Test03PostColorExcel -->
  <testcase classname="admin.ColorController" name="Test04GetColors" time="0.175"/>
  <testcase classname="admin.ImageController" name="Test01GetTopbarLogo" time="0.367"/>
  <testcase classname="admin.ImageController" name="Test02GetImages" time="1.19"/>
  <testcase classname="admin.ImageController" name="Test03GetFetchImages" time="0.884"/>
  <testcase classname="admin.ImageController" name="Test04GetBulkBidThumbnailLogo" time="0.403"/>
  <testcase classname="admin.LabController" name="Test01LabLabId" time="0.038"/>
  <testcase classname="admin.LabController" name="Test02Lab" time="0.039"/>
  <testcase classname="admin.LabController" name="Test03LabExcel" time="0.055">
    <failure type="java.lang.AssertionError" message="Expected 200 OK or 201 Created, but got: 417 expected [true] but found [false]">
      <![CDATA[java.lang.AssertionError: Expected 200 OK or 201 Created, but got: 417 expected [true] but found [false]
at admin.LabController.Test03LabExcel(LabController.java:185)
at java.base/java.util.ArrayList.forEach(ArrayList.java:1597)
... Removed 28 stack frames]]>
    </failure>
  </testcase> <!-- Test03LabExcel -->
  <testcase classname="admin.LabController" name="Test04Labs" time="0.153"/>
  <testcase classname="admin.LotController" name="test01LotidAmount" time="0.05"/>
  <testcase classname="admin.LotController" name="test07BiddersPdf" time="12.416"/>
  <testcase classname="admin.LotDiamondController" name="Test01LotActiveAll" time="0.038"/>
  <testcase classname="admin.LotDiamondController" name="Test03LotDiamondAuctionId" time="0.031"/>
  <testcase classname="admin.LotDiamondController" name="Test05LotDiamonds" time="0.037"/>
  <testcase classname="admin.LotDiamondController" name="Test07LotDiamondsAuctionId" time="0.039"/>
  <testcase classname="admin.LotDiamondController" name="Test08LotDIamondssupplierLots" time="0.141"/>
  <testcase classname="admin.LotDiamondController" name="Test09otDiamondsPrevious" time="0.035"/>
  <testcase classname="admin.MailInvoiceLotDiamondController" name="Test01PostSendmails" time="0.027"/>
  <testcase classname="admin.MailInvoiceLotDiamondController" name="Test02PostSendmailEmailIdAuctionID" time="0.031"/>
  <testcase classname="admin.MailInvoiceLotDiamondController" name="Test03PostSendMailsAllLots" time="55.786"/>
  <testcase classname="admin.rapaportController" name="Test01LotDiamondrapPrice" time="0.028"/>
  <testcase classname="admin.rapaportController" name="Test02rapaports" time="10.352"/>
  <testcase classname="admin.RemarkController" name="Test01RemarkCreate" time="0.037"/>
  <testcase classname="admin.RemarkController" name="Test03RemarkDelete" time="0.032"/>
  <testcase classname="admin.ReservationController" name="Test01PostSlotTransaction" time="0.038"/>
  <testcase classname="admin.ReservationController" name="Test02GetSlots" time="0.069"/>
  <testcase classname="admin.ReservationController" name="Test03PostUpdateSlotTransaction" time="0.049">
    <failure type="java.lang.AssertionError" message="Expected 200 OK, but got: 201 expected [200] but found [201]">
      <![CDATA[java.lang.AssertionError: Expected 200 OK, but got: 201 expected [200] but found [201]
at admin.ReservationController.Test03PostUpdateSlotTransaction(ReservationController.java:232)
at java.base/java.util.ArrayList.forEach(ArrayList.java:1597)
... Removed 30 stack frames]]>
    </failure>
  </testcase> <!-- Test03PostUpdateSlotTransaction -->
  <testcase classname="admin.ReservationController" name="Test04GetSlotTransactionsSlotDate" time="0.041"/>
  <testcase classname="admin.ReservationController" name="Test05GetMasterReservation" time="0.257"/>
  <testcase classname="admin.ShapeController" name="testcreateSymmetry01" time="0.024"/>
  <testcase classname="admin.ShapeController" name="testcreateSymmetry02" time="0.028"/>
  <testcase classname="admin.ShapeController" name="testcreateSymmetry03" time="0.052">
    <failure type="java.lang.AssertionError" message="Expected 200 OK or 201 Created, but got: 417 expected [true] but found [false]">
      <![CDATA[java.lang.AssertionError: Expected 200 OK or 201 Created, but got: 417 expected [true] but found [false]
at admin.ShapeController.testcreateSymmetry03(ShapeController.java:173)
at java.base/java.util.ArrayList.forEach(ArrayList.java:1597)
... Removed 28 stack frames]]>
    </failure>
  </testcase> <!-- testcreateSymmetry03 -->
  <testcase classname="admin.ShapeController" name="testcreateSymmetry04" time="0.323"/>
  <testcase classname="admin.UserControllerMerged" name="Test01GetUserSummary" time="1.693"/>
  <testcase classname="admin.UserControllerMerged" name="Test02GetUserRole" time="0.045"/>
  <testcase classname="admin.UserControllerMerged" name="Test03GetUserAccountSummary" time="1.601"/>
  <testcase classname="utils.BaseTest" name="@AfterSuite afterSuite" time="0.0">
    <ignored/>
  </testcase> <!-- @AfterSuite afterSuite -->
  <testcase classname="utils.BaseTest" name="@AfterSuite afterSuite" time="0.0">
    <ignored/>
  </testcase> <!-- @AfterSuite afterSuite -->
  <testcase classname="utils.BaseTest" name="@AfterSuite afterSuite" time="0.0">
    <ignored/>
  </testcase> <!-- @AfterSuite afterSuite -->
  <testcase classname="utils.BaseTest" name="@AfterSuite afterSuite" time="0.0">
    <ignored/>
  </testcase> <!-- @AfterSuite afterSuite -->
  <testcase classname="utils.BaseTest" name="@AfterSuite afterSuite" time="0.0">
    <ignored/>
  </testcase> <!-- @AfterSuite afterSuite -->
  <testcase classname="utils.BaseTest" name="@AfterSuite afterSuite" time="0.0">
    <ignored/>
  </testcase> <!-- @AfterSuite afterSuite -->
  <testcase classname="utils.BaseTest" name="@AfterSuite afterSuite" time="0.0">
    <ignored/>
  </testcase> <!-- @AfterSuite afterSuite -->
  <testcase classname="utils.BaseTest" name="@AfterSuite afterSuite" time="0.0">
    <ignored/>
  </testcase> <!-- @AfterSuite afterSuite -->
  <testcase classname="utils.BaseTest" name="@AfterSuite afterSuite" time="0.0">
    <ignored/>
  </testcase> <!-- @AfterSuite afterSuite -->
  <testcase classname="utils.BaseTest" name="@AfterSuite afterSuite" time="0.0">
    <ignored/>
  </testcase> <!-- @AfterSuite afterSuite -->
  <testcase classname="utils.BaseTest" name="@AfterSuite afterSuite" time="0.0">
    <ignored/>
  </testcase> <!-- @AfterSuite afterSuite -->
  <testcase classname="utils.BaseTest" name="@AfterSuite afterSuite" time="0.0">
    <ignored/>
  </testcase> <!-- @AfterSuite afterSuite -->
  <testcase classname="utils.BaseTest" name="@AfterSuite afterSuite" time="0.0">
    <ignored/>
  </testcase> <!-- @AfterSuite afterSuite -->
  <testcase classname="utils.BaseTest" name="@AfterSuite afterSuite" time="0.0">
    <ignored/>
  </testcase> <!-- @AfterSuite afterSuite -->
  <testcase classname="utils.BaseTest" name="@AfterSuite afterSuite" time="0.0">
    <ignored/>
  </testcase> <!-- @AfterSuite afterSuite -->
  <testcase classname="utils.BaseTest" name="@AfterSuite afterSuite" time="0.0">
    <ignored/>
  </testcase> <!-- @AfterSuite afterSuite -->
  <testcase classname="utils.BaseTest" name="@AfterSuite afterSuite" time="0.0">
    <ignored/>
  </testcase> <!-- @AfterSuite afterSuite -->
  <testcase classname="utils.BaseTest" name="@AfterSuite afterSuite" time="0.0">
    <ignored/>
  </testcase> <!-- @AfterSuite afterSuite -->
  <testcase classname="utils.BaseTest" name="@AfterSuite afterSuite" time="0.0">
    <ignored/>
  </testcase> <!-- @AfterSuite afterSuite -->
  <testcase classname="utils.BaseTest" name="@AfterSuite afterSuite" time="0.0">
    <ignored/>
  </testcase> <!-- @AfterSuite afterSuite -->
  <testcase classname="utils.BaseTest" name="@AfterSuite afterSuite" time="0.0">
    <ignored/>
  </testcase> <!-- @AfterSuite afterSuite -->
  <testcase classname="utils.BaseTest" name="@AfterSuite afterSuite" time="0.0">
    <ignored/>
  </testcase> <!-- @AfterSuite afterSuite -->
  <testcase classname="utils.BaseTest" name="@AfterSuite afterSuite" time="0.0">
    <ignored/>
  </testcase> <!-- @AfterSuite afterSuite -->
  <testcase classname="utils.BaseTest" name="@AfterSuite afterSuite" time="0.0">
    <ignored/>
  </testcase> <!-- @AfterSuite afterSuite -->
  <testcase classname="utils.BaseTest" name="@AfterSuite afterSuite" time="0.0">
    <ignored/>
  </testcase> <!-- @AfterSuite afterSuite -->
  <testcase classname="utils.BaseTest" name="@AfterSuite afterSuite" time="0.0">
    <ignored/>
  </testcase> <!-- @AfterSuite afterSuite -->
  <testcase classname="utils.BaseTest" name="@AfterSuite afterSuite" time="0.0">
    <ignored/>
  </testcase> <!-- @AfterSuite afterSuite -->
  <testcase classname="utils.BaseTest" name="@AfterSuite afterSuite" time="0.0">
    <ignored/>
  </testcase> <!-- @AfterSuite afterSuite -->
  <testcase classname="utils.BaseTest" name="@AfterSuite afterSuite" time="0.0">
    <ignored/>
  </testcase> <!-- @AfterSuite afterSuite -->
  <testcase classname="utils.BaseTest" name="@AfterSuite afterSuite" time="0.0">
    <ignored/>
  </testcase> <!-- @AfterSuite afterSuite -->
  <testcase classname="utils.BaseTest" name="@AfterSuite afterSuite" time="0.0">
    <ignored/>
  </testcase> <!-- @AfterSuite afterSuite -->
  <testcase classname="utils.BaseTest" name="@AfterSuite afterSuite" time="0.0">
    <ignored/>
  </testcase> <!-- @AfterSuite afterSuite -->
  <testcase classname="utils.BaseTest" name="@AfterSuite afterSuite" time="0.0">
    <ignored/>
  </testcase> <!-- @AfterSuite afterSuite -->
  <testcase classname="utils.BaseTest" name="@AfterSuite afterSuite" time="0.0">
    <ignored/>
  </testcase> <!-- @AfterSuite afterSuite -->
  <testcase classname="utils.BaseTest" name="@AfterSuite afterSuite" time="0.0">
    <ignored/>
  </testcase> <!-- @AfterSuite afterSuite -->
  <testcase classname="utils.BaseTest" name="@AfterSuite afterSuite" time="0.0">
    <ignored/>
  </testcase> <!-- @AfterSuite afterSuite -->
  <testcase classname="admin.BidController" name="Test08GetMyBid" time="0.0">
    <ignored/>
  </testcase> <!-- Test08GetMyBid -->
  <testcase classname="admin.LotController" name="test06DownloadLotExcel" time="0.0">
    <ignored/>
  </testcase> <!-- test06DownloadLotExcel -->
  <testcase classname="admin.RefreshTokencontroller" name="Test01GetAuthRefreshToken" time="0.0">
    <ignored/>
  </testcase> <!-- Test01GetAuthRefreshToken -->
  <testcase classname="utils.BaseTest" name="@BeforeSuite beforeSuite" time="0.0">
    <ignored/>
  </testcase> <!-- @BeforeSuite beforeSuite -->
  <testcase classname="utils.BaseTest" name="@BeforeSuite beforeSuite" time="0.0">
    <ignored/>
  </testcase> <!-- @BeforeSuite beforeSuite -->
  <testcase classname="utils.BaseTest" name="@BeforeSuite beforeSuite" time="0.0">
    <ignored/>
  </testcase> <!-- @BeforeSuite beforeSuite -->
  <testcase classname="utils.BaseTest" name="@BeforeSuite beforeSuite" time="0.0">
    <ignored/>
  </testcase> <!-- @BeforeSuite beforeSuite -->
  <testcase classname="utils.BaseTest" name="@BeforeSuite beforeSuite" time="0.0">
    <ignored/>
  </testcase> <!-- @BeforeSuite beforeSuite -->
  <testcase classname="utils.BaseTest" name="@BeforeSuite beforeSuite" time="0.0">
    <ignored/>
  </testcase> <!-- @BeforeSuite beforeSuite -->
  <testcase classname="utils.BaseTest" name="@BeforeSuite beforeSuite" time="0.0">
    <ignored/>
  </testcase> <!-- @BeforeSuite beforeSuite -->
  <testcase classname="utils.BaseTest" name="@BeforeSuite beforeSuite" time="0.0">
    <ignored/>
  </testcase> <!-- @BeforeSuite beforeSuite -->
  <testcase classname="utils.BaseTest" name="@BeforeSuite beforeSuite" time="0.0">
    <ignored/>
  </testcase> <!-- @BeforeSuite beforeSuite -->
  <testcase classname="utils.BaseTest" name="@BeforeSuite beforeSuite" time="0.0">
    <ignored/>
  </testcase> <!-- @BeforeSuite beforeSuite -->
  <testcase classname="utils.BaseTest" name="@BeforeSuite beforeSuite" time="0.0">
    <ignored/>
  </testcase> <!-- @BeforeSuite beforeSuite -->
  <testcase classname="utils.BaseTest" name="@BeforeSuite beforeSuite" time="0.0">
    <ignored/>
  </testcase> <!-- @BeforeSuite beforeSuite -->
  <testcase classname="utils.BaseTest" name="@BeforeSuite beforeSuite" time="0.0">
    <ignored/>
  </testcase> <!-- @BeforeSuite beforeSuite -->
  <testcase classname="utils.BaseTest" name="@BeforeSuite beforeSuite" time="0.0">
    <ignored/>
  </testcase> <!-- @BeforeSuite beforeSuite -->
  <testcase classname="utils.BaseTest" name="@BeforeSuite beforeSuite" time="0.0">
    <ignored/>
  </testcase> <!-- @BeforeSuite beforeSuite -->
  <testcase classname="utils.BaseTest" name="@BeforeSuite beforeSuite" time="0.0">
    <ignored/>
  </testcase> <!-- @BeforeSuite beforeSuite -->
  <testcase classname="utils.BaseTest" name="@BeforeSuite beforeSuite" time="0.0">
    <ignored/>
  </testcase> <!-- @BeforeSuite beforeSuite -->
  <testcase classname="utils.BaseTest" name="@BeforeSuite beforeSuite" time="0.0">
    <ignored/>
  </testcase> <!-- @BeforeSuite beforeSuite -->
  <testcase classname="utils.BaseTest" name="@BeforeSuite beforeSuite" time="0.0">
    <ignored/>
  </testcase> <!-- @BeforeSuite beforeSuite -->
  <testcase classname="utils.BaseTest" name="@BeforeSuite beforeSuite" time="0.0">
    <ignored/>
  </testcase> <!-- @BeforeSuite beforeSuite -->
  <testcase classname="utils.BaseTest" name="@BeforeSuite beforeSuite" time="0.0">
    <ignored/>
  </testcase> <!-- @BeforeSuite beforeSuite -->
  <testcase classname="utils.BaseTest" name="@BeforeSuite beforeSuite" time="0.0">
    <ignored/>
  </testcase> <!-- @BeforeSuite beforeSuite -->
  <testcase classname="utils.BaseTest" name="@BeforeSuite beforeSuite" time="0.0">
    <ignored/>
  </testcase> <!-- @BeforeSuite beforeSuite -->
  <testcase classname="utils.BaseTest" name="@BeforeSuite beforeSuite" time="0.0">
    <ignored/>
  </testcase> <!-- @BeforeSuite beforeSuite -->
  <testcase classname="utils.BaseTest" name="@BeforeSuite beforeSuite" time="0.0">
    <ignored/>
  </testcase> <!-- @BeforeSuite beforeSuite -->
  <testcase classname="utils.BaseTest" name="@BeforeSuite beforeSuite" time="0.0">
    <ignored/>
  </testcase> <!-- @BeforeSuite beforeSuite -->
  <testcase classname="utils.BaseTest" name="@BeforeSuite beforeSuite" time="0.0">
    <ignored/>
  </testcase> <!-- @BeforeSuite beforeSuite -->
  <testcase classname="utils.BaseTest" name="@BeforeSuite beforeSuite" time="0.0">
    <ignored/>
  </testcase> <!-- @BeforeSuite beforeSuite -->
  <testcase classname="utils.BaseTest" name="@BeforeSuite beforeSuite" time="0.0">
    <ignored/>
  </testcase> <!-- @BeforeSuite beforeSuite -->
  <testcase classname="utils.BaseTest" name="@BeforeSuite beforeSuite" time="0.0">
    <ignored/>
  </testcase> <!-- @BeforeSuite beforeSuite -->
  <testcase classname="utils.BaseTest" name="@BeforeSuite beforeSuite" time="0.0">
    <ignored/>
  </testcase> <!-- @BeforeSuite beforeSuite -->
  <testcase classname="utils.BaseTest" name="@BeforeSuite beforeSuite" time="0.0">
    <ignored/>
  </testcase> <!-- @BeforeSuite beforeSuite -->
  <testcase classname="utils.BaseTest" name="@BeforeSuite beforeSuite" time="0.0">
    <ignored/>
  </testcase> <!-- @BeforeSuite beforeSuite -->
  <testcase classname="utils.BaseTest" name="@BeforeSuite beforeSuite" time="0.0">
    <ignored/>
  </testcase> <!-- @BeforeSuite beforeSuite -->
  <testcase classname="utils.BaseTest" name="@BeforeSuite beforeSuite" time="0.0">
    <ignored/>
  </testcase> <!-- @BeforeSuite beforeSuite -->
  <testcase classname="utils.BaseTest" name="@BeforeSuite beforeSuite" time="0.0">
    <ignored/>
  </testcase> <!-- @BeforeSuite beforeSuite -->
  <testcase classname="admin.RemarkController" name="Test02RemarkCount" time="0.0">
    <ignored/>
  </testcase> <!-- Test02RemarkCount -->
  <testcase classname="admin.GSBController" name="loginToSystem" time="0.0">
    <ignored/>
  </testcase> <!-- loginToSystem -->
  <testcase classname="admin.BidController" name="Test06GetBidCount" time="0.0">
    <ignored/>
  </testcase> <!-- Test06GetBidCount -->
  <testcase classname="admin.DatabaseBackupController" name="test02GetStatus" time="0.0">
    <ignored/>
  </testcase> <!-- test02GetStatus -->
  <testcase classname="admin.BrandController" name="test04PostBrandExcel" time="0.0">
    <ignored/>
  </testcase> <!-- test04PostBrandExcel -->
  <testcase classname="admin.BidderSupplierSummaryController" name="test01GetSupplierSummary" time="0.0">
    <ignored/>
  </testcase> <!-- test01GetSupplierSummary -->
  <testcase classname="admin.UserController" name="test11GetAllSuppliers" time="0.0">
    <ignored/>
  </testcase> <!-- test11GetAllSuppliers -->
  <testcase classname="admin.UserController" name="test05UpdateUploadedUsers" time="0.0">
    <ignored/>
  </testcase> <!-- test05UpdateUploadedUsers -->
  <testcase classname="admin.UserController" name="test06GetUserSupplierDetails" time="0.0">
    <ignored/>
  </testcase> <!-- test06GetUserSupplierDetails -->
  <testcase classname="admin.AuthenticationController" name="test02AuthRegisterAll" time="0.0">
    <ignored/>
  </testcase> <!-- test02AuthRegisterAll -->
  <testcase classname="admin.UserController" name="test07GetKycByUserId" time="0.0">
    <ignored/>
  </testcase> <!-- test07GetKycByUserId -->
  <testcase classname="admin.LotDiamondExcelController" name="loginToSystem" time="0.0">
    <ignored/>
  </testcase> <!-- loginToSystem -->
  <testcase classname="admin.BidderSupplierSummaryController" name="Test04GetBiddersSummary" time="0.0">
    <ignored/>
  </testcase> <!-- Test04GetBiddersSummary -->
  <testcase classname="admin.BidController" name="Test09GetLoseCount" time="0.0">
    <ignored/>
  </testcase> <!-- Test09GetLoseCount -->
  <testcase classname="admin.LotDiamondBidController" name="test13GetAllWonBids" time="0.0">
    <ignored/>
  </testcase> <!-- test13GetAllWonBids -->
</testsuite> <!-- admin -->
