<?xml version="1.0" encoding="UTF-8"?>
<!-- Generated by org.testng.reporters.JUnitReportReporter -->
<testsuite hostname="Samyak6-MainCabin" failures="0" tests="4" name="admin.ShapeController" time="0.403" errors="0" timestamp="2025-01-30T10:12:01 IST" skipped="0">
  <testcase classname="admin.ShapeController" name="testcreateSymmetry04" time="0.288"/>
  <system-out/>
  <testcase classname="admin.ShapeController" name="testcreateSymmetry01" time="0.026"/>
  <system-out/>
  <testcase classname="admin.ShapeController" name="testcreateSymmetry02" time="0.032"/>
  <system-out/>
  <testcase classname="admin.ShapeController" name="testcreateSymmetry03" time="0.057"/>
  <system-out/>
</testsuite> <!-- admin.ShapeController -->
